#
# A fatal error has been detected by the Java Runtime Environment:
#
#  Internal Error (t:/workspace/open/src/hotspot/share/oops/generateOopMap.cpp:2162), pid=14912, tid=14904
#  fatal error: Illegal class file encountered. Try running with -Xverify:all in method testGetPopulation
#
# JRE version: Java(TM) SE Runtime Environment (10.0.1+10) (build 10.0.1+10)
# Java VM: Java HotSpot(TM) 64-Bit Server VM (10.0.1+10, mixed mode, tiered, compressed oops, g1 gc, windows-amd64)
# No core dump will be written. Minidumps are not enabled by default on client versions of Windows
#
# If you would like to submit a bug report, please visit:
#   http://bugreport.java.com/bugreport/crash.jsp
#

---------------  S U M M A R Y ------------

Command Line: -agentlib:jdwp=transport=dt_socket,suspend=y,address=localhost:59430 -ea -Dfile.encoding=Cp1252 org.eclipse.jdt.internal.junit.runner.RemoteTestRunner -version 3 -port 59429 -testLoaderClass org.eclipse.jdt.internal.junit4.runner.JUnit4TestLoader -loaderpluginname org.eclipse.jdt.junit4.runtime -classNames spacecolonies.PlanetTest

Host: Intel(R) Core(TM) i7-4500U CPU @ 1.80GHz, 4 cores, 7G,  Windows 10 , 64 bit Build 17134 (10.0.17134.1)
Time: Wed Jun 27 12:45:10 2018 Eastern Daylight Time elapsed time: 5082 seconds (0d 1h 24m 42s)

---------------  T H R E A D  ---------------

Current thread (0x0000020b78c30000):  VMThread "VM Thread" [stack: 0x0000006490200000,0x0000006490300000] [id=14904]

Stack: [0x0000006490200000,0x0000006490300000]
[error occurred during error reporting (printing stack bounds), id 0xe0000000]

Native frames: (J=compiled Java code, j=interpreted, Vv=VM code, C=native code)
V  [jvm.dll+0x5a0369]
V  [jvm.dll+0x6bcf81]
V  [jvm.dll+0x6be176]
V  [jvm.dll+0x6be765]
V  [jvm.dll+0x6be71b]
V  [jvm.dll+0x59fb63]
V  [jvm.dll+0x59ff68]
C  [ntdll.dll+0x9eced]
C  [ntdll.dll+0x6c86]
C  [ntdll.dll+0x9dc1e]
C  0x0000020b62ee0ead

VM_Operation (0x0000006490bff390): GetOrSetLocal, mode: safepoint, requested by thread 0x0000020b799f7800


---------------  P R O C E S S  ---------------

Threads class SMR info:
_java_thread_list=0x0000020b79b5b8c0, length=15, elements={
0x0000020b57b58800, 0x0000020b78c32000, 0x0000020b78c3c000, 0x0000020b797c6000,
0x0000020b797c7000, 0x0000020b797d2800, 0x0000020b797d5000, 0x0000020b797d9000,
0x0000020b797db000, 0x0000020b799f7800, 0x0000020b799f8800, 0x0000020b799f9800,
0x0000020b79a09000, 0x0000020b79a19000, 0x0000020b79b57800
}

Java Threads: ( => current thread )
  0x0000020b57b58800 JavaThread "main" [_thread_blocked, id=11712, stack(0x000000648f600000,0x000000648f700000)]
  0x0000020b78c32000 JavaThread "Reference Handler" daemon [_thread_blocked, id=8932, stack(0x0000006490300000,0x0000006490400000)]
  0x0000020b78c3c000 JavaThread "Finalizer" daemon [_thread_blocked, id=804, stack(0x0000006490400000,0x0000006490500000)]
  0x0000020b797c6000 JavaThread "Signal Dispatcher" daemon [_thread_blocked, id=12764, stack(0x0000006490500000,0x0000006490600000)]
  0x0000020b797c7000 JavaThread "Attach Listener" daemon [_thread_blocked, id=8936, stack(0x0000006490600000,0x0000006490700000)]
  0x0000020b797d2800 JavaThread "C2 CompilerThread0" daemon [_thread_blocked, id=8952, stack(0x0000006490700000,0x0000006490800000)]
  0x0000020b797d5000 JavaThread "C2 CompilerThread1" daemon [_thread_blocked, id=16256, stack(0x0000006490800000,0x0000006490900000)]
  0x0000020b797d9000 JavaThread "C1 CompilerThread2" daemon [_thread_blocked, id=9720, stack(0x0000006490900000,0x0000006490a00000)]
  0x0000020b797db000 JavaThread "Sweeper thread" daemon [_thread_blocked, id=9308, stack(0x0000006490a00000,0x0000006490b00000)]
  0x0000020b799f7800 JavaThread "JDWP Transport Listener: dt_socket" daemon [_thread_blocked, id=14456, stack(0x0000006490b00000,0x0000006490c00000)] _threads_hazard_ptr=0x0000020b79b5b8c0
  0x0000020b799f8800 JavaThread "JDWP Event Helper Thread" daemon [_thread_blocked, id=14508, stack(0x0000006490c00000,0x0000006490d00000)]
  0x0000020b799f9800 JavaThread "JDWP Command Reader" daemon [_thread_in_native, id=7124, stack(0x0000006490d00000,0x0000006490e00000)]
  0x0000020b79a09000 JavaThread "Service Thread" daemon [_thread_blocked, id=1392, stack(0x0000006490e00000,0x0000006490f00000)]
  0x0000020b79a19000 JavaThread "Common-Cleaner" daemon [_thread_blocked, id=1036, stack(0x0000006490f00000,0x0000006491000000)]
  0x0000020b79b57800 JavaThread "ReaderThread" [_thread_in_native, id=6408, stack(0x0000006491100000,0x0000006491200000)]

Other Threads:
=>0x0000020b78c30000 VMThread "VM Thread" [stack: 0x0000006490200000,0x0000006490300000] [id=14904]
  0x0000020b79a21000 WatcherThread [stack: 0x0000006491000000,0x0000006491100000] [id=16268]
  0x0000020b57bac800 GCTaskThread "GC Thread#0" [stack: 0x000000648f700000,0x000000648f800000] [id=13332]
  0x0000020b57bae000 GCTaskThread "GC Thread#1" [stack: 0x000000648f800000,0x000000648f900000] [id=12620]
  0x0000020b57bb0800 GCTaskThread "GC Thread#2" [stack: 0x000000648f900000,0x000000648fa00000] [id=8452]
  0x0000020b57bb3800 GCTaskThread "GC Thread#3" [stack: 0x000000648fa00000,0x000000648fb00000] [id=14524]
  0x0000020b57c23000 ConcurrentGCThread "G1 Main Marker" [stack: 0x000000648fb00000,0x000000648fc00000] [id=12228]
  0x0000020b57c27000 ConcurrentGCThread "G1 Conc#0" [stack: 0x000000648fc00000,0x000000648fd00000] [id=10288]
  0x0000020b78ac0000 ConcurrentGCThread "G1 Refine#0" [stack: 0x000000648fd00000,0x000000648fe00000] [id=1060]
  0x0000020b78ac2800 ConcurrentGCThread "G1 Refine#1" [stack: 0x000000648fe00000,0x000000648ff00000] [id=15096]
  0x0000020b78ac3800 ConcurrentGCThread "G1 Refine#2" [stack: 0x000000648ff00000,0x0000006490000000] [id=16120]
  0x0000020b78ac6000 ConcurrentGCThread "G1 Refine#3" [stack: 0x0000006490000000,0x0000006490100000] [id=7972]
  0x0000020b78ac9000 ConcurrentGCThread "G1 Young RemSet Sampling" [stack: 0x0000006490100000,0x0000006490200000] [id=16108]

Threads with active compile tasks:

VM state:at safepoint (normal execution)

VM Mutex/Monitor currently owned by a thread:  ([mutex/lock_event])
[0x0000020b57b55420] Threads_lock - owner thread: 0x0000020b78c30000

Heap address: 0x0000000081400000, size: 2028 MB, Compressed Oops mode: 32-bit
Narrow klass base: 0x0000000000000000, Narrow klass shift: 3
Compressed class space size: 1073741824 Address: 0x0000000100000000

Heap:
 garbage-first heap   total 131072K, used 9216K [0x0000000081400000, 0x0000000100000000)
  region size 1024K, 10 young (10240K), 0 survivors (0K)
 Metaspace       used 9920K, capacity 10090K, committed 10240K, reserved 1058816K
  class space    used 930K, capacity 988K, committed 1024K, reserved 1048576K
Heap Regions: E=young(eden), S=young(survivor), O=old, HS=humongous(starts), HC=humongous(continues), CS=collection set, F=free, A=archive, TS=gc time stamp, AC=allocation context, TAMS=top-at-mark-start (previous, next)
|   0|0x0000000081400000, 0x0000000081400000, 0x0000000081500000|  0%| F|  |TS  0|AC  0|TAMS 0x0000000081400000, 0x0000000081400000|
|   1|0x0000000081500000, 0x0000000081500000, 0x0000000081600000|  0%| F|  |TS  0|AC  0|TAMS 0x0000000081500000, 0x0000000081500000|
|   2|0x0000000081600000, 0x0000000081600000, 0x0000000081700000|  0%| F|  |TS  0|AC  0|TAMS 0x0000000081600000, 0x0000000081600000|
|   3|0x0000000081700000, 0x0000000081700000, 0x0000000081800000|  0%| F|  |TS  0|AC  0|TAMS 0x0000000081700000, 0x0000000081700000|
|   4|0x0000000081800000, 0x0000000081800000, 0x0000000081900000|  0%| F|  |TS  0|AC  0|TAMS 0x0000000081800000, 0x0000000081800000|
|   5|0x0000000081900000, 0x0000000081900000, 0x0000000081a00000|  0%| F|  |TS  0|AC  0|TAMS 0x0000000081900000, 0x0000000081900000|
|   6|0x0000000081a00000, 0x0000000081a00000, 0x0000000081b00000|  0%| F|  |TS  0|AC  0|TAMS 0x0000000081a00000, 0x0000000081a00000|
|   7|0x0000000081b00000, 0x0000000081b00000, 0x0000000081c00000|  0%| F|  |TS  0|AC  0|TAMS 0x0000000081b00000, 0x0000000081b00000|
|   8|0x0000000081c00000, 0x0000000081c00000, 0x0000000081d00000|  0%| F|  |TS  0|AC  0|TAMS 0x0000000081c00000, 0x0000000081c00000|
|   9|0x0000000081d00000, 0x0000000081d00000, 0x0000000081e00000|  0%| F|  |TS  0|AC  0|TAMS 0x0000000081d00000, 0x0000000081d00000|
|  10|0x0000000081e00000, 0x0000000081e00000, 0x0000000081f00000|  0%| F|  |TS  0|AC  0|TAMS 0x0000000081e00000, 0x0000000081e00000|
|  11|0x0000000081f00000, 0x0000000081f00000, 0x0000000082000000|  0%| F|  |TS  0|AC  0|TAMS 0x0000000081f00000, 0x0000000081f00000|
|  12|0x0000000082000000, 0x0000000082000000, 0x0000000082100000|  0%| F|  |TS  0|AC  0|TAMS 0x0000000082000000, 0x0000000082000000|
|  13|0x0000000082100000, 0x0000000082100000, 0x0000000082200000|  0%| F|  |TS  0|AC  0|TAMS 0x0000000082100000, 0x0000000082100000|
|  14|0x0000000082200000, 0x0000000082200000, 0x0000000082300000|  0%| F|  |TS  0|AC  0|TAMS 0x0000000082200000, 0x0000000082200000|
|  15|0x0000000082300000, 0x0000000082300000, 0x0000000082400000|  0%| F|  |TS  0|AC  0|TAMS 0x0000000082300000, 0x0000000082300000|
|  16|0x0000000082400000, 0x0000000082400000, 0x0000000082500000|  0%| F|  |TS  0|AC  0|TAMS 0x0000000082400000, 0x0000000082400000|
|  17|0x0000000082500000, 0x0000000082500000, 0x0000000082600000|  0%| F|  |TS  0|AC  0|TAMS 0x0000000082500000, 0x0000000082500000|
|  18|0x0000000082600000, 0x0000000082600000, 0x0000000082700000|  0%| F|  |TS  0|AC  0|TAMS 0x0000000082600000, 0x0000000082600000|
|  19|0x0000000082700000, 0x0000000082700000, 0x0000000082800000|  0%| F|  |TS  0|AC  0|TAMS 0x0000000082700000, 0x0000000082700000|
|  20|0x0000000082800000, 0x0000000082800000, 0x0000000082900000|  0%| F|  |TS  0|AC  0|TAMS 0x0000000082800000, 0x0000000082800000|
|  21|0x0000000082900000, 0x0000000082900000, 0x0000000082a00000|  0%| F|  |TS  0|AC  0|TAMS 0x0000000082900000, 0x0000000082900000|
|  22|0x0000000082a00000, 0x0000000082a00000, 0x0000000082b00000|  0%| F|  |TS  0|AC  0|TAMS 0x0000000082a00000, 0x0000000082a00000|
|  23|0x0000000082b00000, 0x0000000082b00000, 0x0000000082c00000|  0%| F|  |TS  0|AC  0|TAMS 0x0000000082b00000, 0x0000000082b00000|
|  24|0x0000000082c00000, 0x0000000082c00000, 0x0000000082d00000|  0%| F|  |TS  0|AC  0|TAMS 0x0000000082c00000, 0x0000000082c00000|
|  25|0x0000000082d00000, 0x0000000082d00000, 0x0000000082e00000|  0%| F|  |TS  0|AC  0|TAMS 0x0000000082d00000, 0x0000000082d00000|
|  26|0x0000000082e00000, 0x0000000082e00000, 0x0000000082f00000|  0%| F|  |TS  0|AC  0|TAMS 0x0000000082e00000, 0x0000000082e00000|
|  27|0x0000000082f00000, 0x0000000082f00000, 0x0000000083000000|  0%| F|  |TS  0|AC  0|TAMS 0x0000000082f00000, 0x0000000082f00000|
|  28|0x0000000083000000, 0x0000000083000000, 0x0000000083100000|  0%| F|  |TS  0|AC  0|TAMS 0x0000000083000000, 0x0000000083000000|
|  29|0x0000000083100000, 0x0000000083100000, 0x0000000083200000|  0%| F|  |TS  0|AC  0|TAMS 0x0000000083100000, 0x0000000083100000|
|  30|0x0000000083200000, 0x0000000083200000, 0x0000000083300000|  0%| F|  |TS  0|AC  0|TAMS 0x0000000083200000, 0x0000000083200000|
|  31|0x0000000083300000, 0x0000000083300000, 0x0000000083400000|  0%| F|  |TS  0|AC  0|TAMS 0x0000000083300000, 0x0000000083300000|
|  32|0x0000000083400000, 0x0000000083400000, 0x0000000083500000|  0%| F|  |TS  0|AC  0|TAMS 0x0000000083400000, 0x0000000083400000|
|  33|0x0000000083500000, 0x0000000083500000, 0x0000000083600000|  0%| F|  |TS  0|AC  0|TAMS 0x0000000083500000, 0x0000000083500000|
|  34|0x0000000083600000, 0x0000000083600000, 0x0000000083700000|  0%| F|  |TS  0|AC  0|TAMS 0x0000000083600000, 0x0000000083600000|
|  35|0x0000000083700000, 0x0000000083700000, 0x0000000083800000|  0%| F|  |TS  0|AC  0|TAMS 0x0000000083700000, 0x0000000083700000|
|  36|0x0000000083800000, 0x0000000083800000, 0x0000000083900000|  0%| F|  |TS  0|AC  0|TAMS 0x0000000083800000, 0x0000000083800000|
|  37|0x0000000083900000, 0x0000000083900000, 0x0000000083a00000|  0%| F|  |TS  0|AC  0|TAMS 0x0000000083900000, 0x0000000083900000|
|  38|0x0000000083a00000, 0x0000000083a00000, 0x0000000083b00000|  0%| F|  |TS  0|AC  0|TAMS 0x0000000083a00000, 0x0000000083a00000|
|  39|0x0000000083b00000, 0x0000000083b00000, 0x0000000083c00000|  0%| F|  |TS  0|AC  0|TAMS 0x0000000083b00000, 0x0000000083b00000|
|  40|0x0000000083c00000, 0x0000000083c00000, 0x0000000083d00000|  0%| F|  |TS  0|AC  0|TAMS 0x0000000083c00000, 0x0000000083c00000|
|  41|0x0000000083d00000, 0x0000000083d00000, 0x0000000083e00000|  0%| F|  |TS  0|AC  0|TAMS 0x0000000083d00000, 0x0000000083d00000|
|  42|0x0000000083e00000, 0x0000000083e00000, 0x0000000083f00000|  0%| F|  |TS  0|AC  0|TAMS 0x0000000083e00000, 0x0000000083e00000|
|  43|0x0000000083f00000, 0x0000000083f00000, 0x0000000084000000|  0%| F|  |TS  0|AC  0|TAMS 0x0000000083f00000, 0x0000000083f00000|
|  44|0x0000000084000000, 0x0000000084000000, 0x0000000084100000|  0%| F|  |TS  0|AC  0|TAMS 0x0000000084000000, 0x0000000084000000|
|  45|0x0000000084100000, 0x0000000084100000, 0x0000000084200000|  0%| F|  |TS  0|AC  0|TAMS 0x0000000084100000, 0x0000000084100000|
|  46|0x0000000084200000, 0x0000000084200000, 0x0000000084300000|  0%| F|  |TS  0|AC  0|TAMS 0x0000000084200000, 0x0000000084200000|
|  47|0x0000000084300000, 0x0000000084300000, 0x0000000084400000|  0%| F|  |TS  0|AC  0|TAMS 0x0000000084300000, 0x0000000084300000|
|  48|0x0000000084400000, 0x0000000084400000, 0x0000000084500000|  0%| F|  |TS  0|AC  0|TAMS 0x0000000084400000, 0x0000000084400000|
|  49|0x0000000084500000, 0x0000000084500000, 0x0000000084600000|  0%| F|  |TS  0|AC  0|TAMS 0x0000000084500000, 0x0000000084500000|
|  50|0x0000000084600000, 0x0000000084600000, 0x0000000084700000|  0%| F|  |TS  0|AC  0|TAMS 0x0000000084600000, 0x0000000084600000|
|  51|0x0000000084700000, 0x0000000084700000, 0x0000000084800000|  0%| F|  |TS  0|AC  0|TAMS 0x0000000084700000, 0x0000000084700000|
|  52|0x0000000084800000, 0x0000000084800000, 0x0000000084900000|  0%| F|  |TS  0|AC  0|TAMS 0x0000000084800000, 0x0000000084800000|
|  53|0x0000000084900000, 0x0000000084900000, 0x0000000084a00000|  0%| F|  |TS  0|AC  0|TAMS 0x0000000084900000, 0x0000000084900000|
|  54|0x0000000084a00000, 0x0000000084a00000, 0x0000000084b00000|  0%| F|  |TS  0|AC  0|TAMS 0x0000000084a00000, 0x0000000084a00000|
|  55|0x0000000084b00000, 0x0000000084b00000, 0x0000000084c00000|  0%| F|  |TS  0|AC  0|TAMS 0x0000000084b00000, 0x0000000084b00000|
|  56|0x0000000084c00000, 0x0000000084c00000, 0x0000000084d00000|  0%| F|  |TS  0|AC  0|TAMS 0x0000000084c00000, 0x0000000084c00000|
|  57|0x0000000084d00000, 0x0000000084d00000, 0x0000000084e00000|  0%| F|  |TS  0|AC  0|TAMS 0x0000000084d00000, 0x0000000084d00000|
|  58|0x0000000084e00000, 0x0000000084e00000, 0x0000000084f00000|  0%| F|  |TS  0|AC  0|TAMS 0x0000000084e00000, 0x0000000084e00000|
|  59|0x0000000084f00000, 0x0000000084f00000, 0x0000000085000000|  0%| F|  |TS  0|AC  0|TAMS 0x0000000084f00000, 0x0000000084f00000|
|  60|0x0000000085000000, 0x0000000085000000, 0x0000000085100000|  0%| F|  |TS  0|AC  0|TAMS 0x0000000085000000, 0x0000000085000000|
|  61|0x0000000085100000, 0x0000000085100000, 0x0000000085200000|  0%| F|  |TS  0|AC  0|TAMS 0x0000000085100000, 0x0000000085100000|
|  62|0x0000000085200000, 0x0000000085200000, 0x0000000085300000|  0%| F|  |TS  0|AC  0|TAMS 0x0000000085200000, 0x0000000085200000|
|  63|0x0000000085300000, 0x0000000085300000, 0x0000000085400000|  0%| F|  |TS  0|AC  0|TAMS 0x0000000085300000, 0x0000000085300000|
|  64|0x0000000085400000, 0x0000000085400000, 0x0000000085500000|  0%| F|  |TS  0|AC  0|TAMS 0x0000000085400000, 0x0000000085400000|
|  65|0x0000000085500000, 0x0000000085500000, 0x0000000085600000|  0%| F|  |TS  0|AC  0|TAMS 0x0000000085500000, 0x0000000085500000|
|  66|0x0000000085600000, 0x0000000085600000, 0x0000000085700000|  0%| F|  |TS  0|AC  0|TAMS 0x0000000085600000, 0x0000000085600000|
|  67|0x0000000085700000, 0x0000000085700000, 0x0000000085800000|  0%| F|  |TS  0|AC  0|TAMS 0x0000000085700000, 0x0000000085700000|
|  68|0x0000000085800000, 0x0000000085800000, 0x0000000085900000|  0%| F|  |TS  0|AC  0|TAMS 0x0000000085800000, 0x0000000085800000|
|  69|0x0000000085900000, 0x0000000085900000, 0x0000000085a00000|  0%| F|  |TS  0|AC  0|TAMS 0x0000000085900000, 0x0000000085900000|
|  70|0x0000000085a00000, 0x0000000085a00000, 0x0000000085b00000|  0%| F|  |TS  0|AC  0|TAMS 0x0000000085a00000, 0x0000000085a00000|
|  71|0x0000000085b00000, 0x0000000085b00000, 0x0000000085c00000|  0%| F|  |TS  0|AC  0|TAMS 0x0000000085b00000, 0x0000000085b00000|
|  72|0x0000000085c00000, 0x0000000085c00000, 0x0000000085d00000|  0%| F|  |TS  0|AC  0|TAMS 0x0000000085c00000, 0x0000000085c00000|
|  73|0x0000000085d00000, 0x0000000085d00000, 0x0000000085e00000|  0%| F|  |TS  0|AC  0|TAMS 0x0000000085d00000, 0x0000000085d00000|
|  74|0x0000000085e00000, 0x0000000085e00000, 0x0000000085f00000|  0%| F|  |TS  0|AC  0|TAMS 0x0000000085e00000, 0x0000000085e00000|
|  75|0x0000000085f00000, 0x0000000085f00000, 0x0000000086000000|  0%| F|  |TS  0|AC  0|TAMS 0x0000000085f00000, 0x0000000085f00000|
|  76|0x0000000086000000, 0x0000000086000000, 0x0000000086100000|  0%| F|  |TS  0|AC  0|TAMS 0x0000000086000000, 0x0000000086000000|
|  77|0x0000000086100000, 0x0000000086100000, 0x0000000086200000|  0%| F|  |TS  0|AC  0|TAMS 0x0000000086100000, 0x0000000086100000|
|  78|0x0000000086200000, 0x0000000086200000, 0x0000000086300000|  0%| F|  |TS  0|AC  0|TAMS 0x0000000086200000, 0x0000000086200000|
|  79|0x0000000086300000, 0x0000000086300000, 0x0000000086400000|  0%| F|  |TS  0|AC  0|TAMS 0x0000000086300000, 0x0000000086300000|
|  80|0x0000000086400000, 0x0000000086400000, 0x0000000086500000|  0%| F|  |TS  0|AC  0|TAMS 0x0000000086400000, 0x0000000086400000|
|  81|0x0000000086500000, 0x0000000086500000, 0x0000000086600000|  0%| F|  |TS  0|AC  0|TAMS 0x0000000086500000, 0x0000000086500000|
|  82|0x0000000086600000, 0x0000000086600000, 0x0000000086700000|  0%| F|  |TS  0|AC  0|TAMS 0x0000000086600000, 0x0000000086600000|
|  83|0x0000000086700000, 0x0000000086700000, 0x0000000086800000|  0%| F|  |TS  0|AC  0|TAMS 0x0000000086700000, 0x0000000086700000|
|  84|0x0000000086800000, 0x0000000086800000, 0x0000000086900000|  0%| F|  |TS  0|AC  0|TAMS 0x0000000086800000, 0x0000000086800000|
|  85|0x0000000086900000, 0x0000000086900000, 0x0000000086a00000|  0%| F|  |TS  0|AC  0|TAMS 0x0000000086900000, 0x0000000086900000|
|  86|0x0000000086a00000, 0x0000000086a00000, 0x0000000086b00000|  0%| F|  |TS  0|AC  0|TAMS 0x0000000086a00000, 0x0000000086a00000|
|  87|0x0000000086b00000, 0x0000000086b00000, 0x0000000086c00000|  0%| F|  |TS  0|AC  0|TAMS 0x0000000086b00000, 0x0000000086b00000|
|  88|0x0000000086c00000, 0x0000000086c00000, 0x0000000086d00000|  0%| F|  |TS  0|AC  0|TAMS 0x0000000086c00000, 0x0000000086c00000|
|  89|0x0000000086d00000, 0x0000000086d00000, 0x0000000086e00000|  0%| F|  |TS  0|AC  0|TAMS 0x0000000086d00000, 0x0000000086d00000|
|  90|0x0000000086e00000, 0x0000000086e00000, 0x0000000086f00000|  0%| F|  |TS  0|AC  0|TAMS 0x0000000086e00000, 0x0000000086e00000|
|  91|0x0000000086f00000, 0x0000000086f00000, 0x0000000087000000|  0%| F|  |TS  0|AC  0|TAMS 0x0000000086f00000, 0x0000000086f00000|
|  92|0x0000000087000000, 0x0000000087000000, 0x0000000087100000|  0%| F|  |TS  0|AC  0|TAMS 0x0000000087000000, 0x0000000087000000|
|  93|0x0000000087100000, 0x0000000087100000, 0x0000000087200000|  0%| F|  |TS  0|AC  0|TAMS 0x0000000087100000, 0x0000000087100000|
|  94|0x0000000087200000, 0x0000000087200000, 0x0000000087300000|  0%| F|  |TS  0|AC  0|TAMS 0x0000000087200000, 0x0000000087200000|
|  95|0x0000000087300000, 0x0000000087300000, 0x0000000087400000|  0%| F|  |TS  0|AC  0|TAMS 0x0000000087300000, 0x0000000087300000|
|  96|0x0000000087400000, 0x0000000087400000, 0x0000000087500000|  0%| F|  |TS  0|AC  0|TAMS 0x0000000087400000, 0x0000000087400000|
|  97|0x0000000087500000, 0x0000000087500000, 0x0000000087600000|  0%| F|  |TS  0|AC  0|TAMS 0x0000000087500000, 0x0000000087500000|
|  98|0x0000000087600000, 0x0000000087600000, 0x0000000087700000|  0%| F|  |TS  0|AC  0|TAMS 0x0000000087600000, 0x0000000087600000|
|  99|0x0000000087700000, 0x0000000087700000, 0x0000000087800000|  0%| F|  |TS  0|AC  0|TAMS 0x0000000087700000, 0x0000000087700000|
| 100|0x0000000087800000, 0x0000000087800000, 0x0000000087900000|  0%| F|  |TS  0|AC  0|TAMS 0x0000000087800000, 0x0000000087800000|
| 101|0x0000000087900000, 0x0000000087900000, 0x0000000087a00000|  0%| F|  |TS  0|AC  0|TAMS 0x0000000087900000, 0x0000000087900000|
| 102|0x0000000087a00000, 0x0000000087a00000, 0x0000000087b00000|  0%| F|  |TS  0|AC  0|TAMS 0x0000000087a00000, 0x0000000087a00000|
| 103|0x0000000087b00000, 0x0000000087b00000, 0x0000000087c00000|  0%| F|  |TS  0|AC  0|TAMS 0x0000000087b00000, 0x0000000087b00000|
| 104|0x0000000087c00000, 0x0000000087c00000, 0x0000000087d00000|  0%| F|  |TS  0|AC  0|TAMS 0x0000000087c00000, 0x0000000087c00000|
| 105|0x0000000087d00000, 0x0000000087d00000, 0x0000000087e00000|  0%| F|  |TS  0|AC  0|TAMS 0x0000000087d00000, 0x0000000087d00000|
| 106|0x0000000087e00000, 0x0000000087e00000, 0x0000000087f00000|  0%| F|  |TS  0|AC  0|TAMS 0x0000000087e00000, 0x0000000087e00000|
| 107|0x0000000087f00000, 0x0000000087f00000, 0x0000000088000000|  0%| F|  |TS  0|AC  0|TAMS 0x0000000087f00000, 0x0000000087f00000|
| 108|0x0000000088000000, 0x0000000088000000, 0x0000000088100000|  0%| F|  |TS  0|AC  0|TAMS 0x0000000088000000, 0x0000000088000000|
| 109|0x0000000088100000, 0x0000000088100000, 0x0000000088200000|  0%| F|  |TS  0|AC  0|TAMS 0x0000000088100000, 0x0000000088100000|
| 110|0x0000000088200000, 0x0000000088200000, 0x0000000088300000|  0%| F|  |TS  0|AC  0|TAMS 0x0000000088200000, 0x0000000088200000|
| 111|0x0000000088300000, 0x0000000088300000, 0x0000000088400000|  0%| F|  |TS  0|AC  0|TAMS 0x0000000088300000, 0x0000000088300000|
| 112|0x0000000088400000, 0x0000000088400000, 0x0000000088500000|  0%| F|  |TS  0|AC  0|TAMS 0x0000000088400000, 0x0000000088400000|
| 113|0x0000000088500000, 0x0000000088500000, 0x0000000088600000|  0%| F|  |TS  0|AC  0|TAMS 0x0000000088500000, 0x0000000088500000|
| 114|0x0000000088600000, 0x0000000088600000, 0x0000000088700000|  0%| F|  |TS  0|AC  0|TAMS 0x0000000088600000, 0x0000000088600000|
| 115|0x0000000088700000, 0x0000000088700000, 0x0000000088800000|  0%| F|  |TS  0|AC  0|TAMS 0x0000000088700000, 0x0000000088700000|
| 116|0x0000000088800000, 0x0000000088800000, 0x0000000088900000|  0%| F|  |TS  0|AC  0|TAMS 0x0000000088800000, 0x0000000088800000|
| 117|0x0000000088900000, 0x0000000088900000, 0x0000000088a00000|  0%| F|  |TS  0|AC  0|TAMS 0x0000000088900000, 0x0000000088900000|
| 118|0x0000000088a00000, 0x0000000088a8fe48, 0x0000000088b00000| 56%| E|  |TS  0|AC  0|TAMS 0x0000000088a00000, 0x0000000088a00000|
| 119|0x0000000088b00000, 0x0000000088c00000, 0x0000000088c00000|100%| E|CS|TS  0|AC  0|TAMS 0x0000000088b00000, 0x0000000088b00000|
| 120|0x0000000088c00000, 0x0000000088d00000, 0x0000000088d00000|100%| E|CS|TS  0|AC  0|TAMS 0x0000000088c00000, 0x0000000088c00000|
| 121|0x0000000088d00000, 0x0000000088e00000, 0x0000000088e00000|100%| E|CS|TS  0|AC  0|TAMS 0x0000000088d00000, 0x0000000088d00000|
| 122|0x0000000088e00000, 0x0000000088f00000, 0x0000000088f00000|100%| E|CS|TS  0|AC  0|TAMS 0x0000000088e00000, 0x0000000088e00000|
| 123|0x0000000088f00000, 0x0000000089000000, 0x0000000089000000|100%| E|CS|TS  0|AC  0|TAMS 0x0000000088f00000, 0x0000000088f00000|
| 124|0x0000000089000000, 0x0000000089100000, 0x0000000089100000|100%| E|CS|TS  0|AC  0|TAMS 0x0000000089000000, 0x0000000089000000|
| 125|0x0000000089100000, 0x0000000089200000, 0x0000000089200000|100%| E|CS|TS  0|AC  0|TAMS 0x0000000089100000, 0x0000000089100000|
| 126|0x0000000089200000, 0x0000000089300000, 0x0000000089300000|100%| E|CS|TS  0|AC  0|TAMS 0x0000000089200000, 0x0000000089200000|
| 127|0x0000000089300000, 0x0000000089400000, 0x0000000089400000|100%| E|CS|TS  0|AC  0|TAMS 0x0000000089300000, 0x0000000089300000|

Card table byte_map: [0x0000020b722e0000,0x0000020b726e0000] byte_map_base: 0x0000020b71ed6000

Marking Bits (Prev, Next): (CMBitMap*) 0x0000020b57c22250, (CMBitMap*) 0x0000020b57c22288
 Prev Bits: [0x0000020b72ae0000, 0x0000020b74a90000)
 Next Bits: [0x0000020b74a90000, 0x0000020b76a40000)

Polling page: 0x0000020b55b10000

CodeHeap 'non-profiled nmethods': size=120064Kb used=291Kb max_used=291Kb free=119773Kb
 bounds [0x0000020b6a9a0000, 0x0000020b6ac10000, 0x0000020b71ee0000]
CodeHeap 'profiled nmethods': size=120000Kb used=1404Kb max_used=1404Kb free=118595Kb
 bounds [0x0000020b63470000, 0x0000020b636e0000, 0x0000020b6a9a0000]
CodeHeap 'non-nmethods': size=5696Kb used=1143Kb max_used=1161Kb free=4552Kb
 bounds [0x0000020b62ee0000, 0x0000020b63150000, 0x0000020b63470000]
 total_blobs=1327 nmethods=776 adapters=274
 compilation: enabled

Compilation events (10 events):
Event: 0.741 Thread 0x0000020b797d9000 nmethod 773 0x0000020b635ca910 code [0x0000020b635caae0, 0x0000020b635cad50]
Event: 0.742 Thread 0x0000020b797d5000  774       4       sun.net.www.ParseUtil::firstEncodeIndex (98 bytes)
Event: 0.743 Thread 0x0000020b797d9000  777       3       sun.nio.fs.WindowsPath::normalize (365 bytes)
Event: 0.746 Thread 0x0000020b797d2800 nmethod 772 0x0000020b6a9e4790 code [0x0000020b6a9e4960, 0x0000020b6a9e4d10]
Event: 0.746 Thread 0x0000020b797d2800  776   !   4       sun.nio.fs.WindowsPath::initOffsets (153 bytes)
Event: 0.747 Thread 0x0000020b797d5000 nmethod 774 0x0000020b6a9e5090 code [0x0000020b6a9e5240, 0x0000020b6a9e5568]
Event: 0.747 Thread 0x0000020b797d5000  775       4       java.lang.AbstractStringBuilder::appendChars (133 bytes)
Event: 0.748 Thread 0x0000020b797d9000 nmethod 777 0x0000020b635cae10 code [0x0000020b635cb380, 0x0000020b635ce180]
Event: 0.753 Thread 0x0000020b797d5000 nmethod 775 0x0000020b6a9e5810 code [0x0000020b6a9e59c0, 0x0000020b6a9e5de8]
Event: 0.783 Thread 0x0000020b797d2800 nmethod 776 0x0000020b6a9e6110 code [0x0000020b6a9e6360, 0x0000020b6a9e8028]

GC Heap History (0 events):
No events

Deoptimization events (5 events):
Event: 0.270 Thread 0x0000020b57b58800 Uncommon trap: reason=unstable_if action=reinterpret pc=0x0000020b6a9a4088 method=java.lang.String.hashCode()I @ 14 c2
Event: 0.559 Thread 0x0000020b57b58800 Uncommon trap: reason=unstable_if action=reinterpret pc=0x0000020b6a9bf32c method=java.lang.String.startsWith(Ljava/lang/String;I)Z @ 14 c2
Event: 0.569 Thread 0x0000020b57b58800 Uncommon trap: reason=unstable_if action=reinterpret pc=0x0000020b6a9bb7f8 method=java.lang.StringLatin1.indexOf([BI[BII)I @ 80 c2
Event: 0.570 Thread 0x0000020b57b58800 Uncommon trap: reason=unstable_if action=reinterpret pc=0x0000020b6a9b5374 method=java.lang.StringLatin1.indexOf([BI[BII)I @ 80 c2
Event: 0.640 Thread 0x0000020b57b58800 Uncommon trap: reason=unstable_if action=reinterpret pc=0x0000020b6a9d4b70 method=java.io.BufferedReader.read()I @ 19 c2

Classes redefined (3 events):
Event: 4885.976 Thread 0x0000020b78c30000 redefined class name=spacecolonies.PlanetTest, count=1
Event: 5004.531 Thread 0x0000020b78c30000 redefined class name=spacecolonies.PlanetTest, count=2
Event: 5082.051 Thread 0x0000020b78c30000 redefined class name=spacecolonies.PlanetTest, count=3

Internal exceptions (10 events):
Event: 0.615 Thread 0x0000020b57b58800 Exception <a 'java/lang/NoSuchMethodError'{0x0000000088c8c700}: java.lang.invoke.DirectMethodHandle$Holder.invokeStaticInit(Ljava/lang/Object;Ljava/lang/Object;)I> (0x0000000088c8c700) thrown at [t:/workspace/open/src/hotspot/share/interpreter/linkResolve
Event: 0.638 Thread 0x0000020b57b58800 Exception <a 'java/lang/ClassNotFoundException'{0x0000000088ce0488}: javax/smartcardio/CardPermission> (0x0000000088ce0488) thrown at [t:/workspace/open/src/hotspot/share/classfile/systemDictionary.cpp, line 233]
Event: 0.643 Thread 0x0000020b57b58800 Exception <a 'java/io/FileNotFoundException'{0x0000000088cf0498}> (0x0000000088cf0498) thrown at [t:/workspace/open/src/hotspot/share/prims/jni.cpp, line 611]
Event: 0.685 Thread 0x0000020b57b58800 Exception <a 'java/lang/NoSuchMethodError'{0x0000000088b8d060}: java.lang.Object.lambda$identity$2(Ljava/lang/Object;)Ljava/lang/Object;> (0x0000000088b8d060) thrown at [t:/workspace/open/src/hotspot/share/interpreter/linkResolver.cpp, line 741]
Event: 0.686 Thread 0x0000020b57b58800 Exception <a 'java/lang/NoSuchMethodError'{0x0000000088b8f7d8}: java.lang.invoke.DirectMethodHandle$Holder.invokeStaticInit(Ljava/lang/Object;Ljava/lang/Object;Ljava/lang/Object;)Ljava/lang/Object;> (0x0000000088b8f7d8) thrown at [t:/workspace/open/src/ho
Event: 0.688 Thread 0x0000020b57b58800 Exception <a 'java/lang/NoSuchMethodError'{0x0000000088b98e38}: method resolution failed> (0x0000000088b98e38) thrown at [t:/workspace/open/src/hotspot/share/prims/methodHandles.cpp, line 1226]
Event: 0.690 Thread 0x0000020b57b58800 Exception <a 'java/lang/InternalError'{0x0000000088ba40e8}: JVMCI is not enabled> (0x0000000088ba40e8) thrown at [t:/workspace/open/src/hotspot/share/jvmci/jvmciRuntime.cpp, line 635]
Event: 0.692 Thread 0x0000020b57b58800 Exception <a 'java/lang/InternalError'{0x0000000088ba40e8}> (0x0000000088ba40e8) thrown at [t:/workspace/open/src/hotspot/share/oops/instanceKlass.cpp, line 840]
Event: 0.694 Thread 0x0000020b57b58800 Exception <a 'java/lang/NoSuchMethodError'{0x0000000088babc08}: java.lang.invoke.DirectMethodHandle$Holder.invokeStatic(Ljava/lang/Object;Ljava/lang/Object;Ljava/lang/Object;)I> (0x0000000088babc08) thrown at [t:/workspace/open/src/hotspot/share/interpret
Event: 0.697 Thread 0x0000020b57b58800 Exception <a 'java/lang/NoSuchMethodError'{0x0000000088bb6bc8}: java.lang.invoke.DirectMethodHandle$Holder.invokeSpecial(Ljava/lang/Object;Ljava/lang/Object;Ljava/lang/Object;)I> (0x0000000088bb6bc8) thrown at [t:/workspace/open/src/hotspot/share/interpre

Events (10 events):
Event: 5082.075 Executing VM operation: GetFrameLocation done
Event: 5082.098 Executing VM operation: GetFrameCount
Event: 5082.099 Executing VM operation: GetFrameCount done
Event: 5082.099 Executing VM operation: GetOwnedMonitorInfo
Event: 5082.099 Executing VM operation: GetOwnedMonitorInfo done
Event: 5082.099 Executing VM operation: GetCurrentContendedMonitor
Event: 5082.099 Executing VM operation: GetCurrentContendedMonitor done
Event: 5082.101 Executing VM operation: GetFrameLocation
Event: 5082.101 Executing VM operation: GetFrameLocation done
Event: 5082.101 Executing VM operation: GetOrSetLocal


Dynamic libraries:
0x00007ff72c2d0000 - 0x00007ff72c30e000 	C:\Program Files\Java\jdk-10.0.1\bin\javaw.exe
0x00007ffdb1350000 - 0x00007ffdb1531000 	C:\WINDOWS\SYSTEM32\ntdll.dll
0x00007ffdb0350000 - 0x00007ffdb0402000 	C:\WINDOWS\System32\KERNEL32.DLL
0x00007ffdadcb0000 - 0x00007ffdadf23000 	C:\WINDOWS\System32\KERNELBASE.dll
0x00007ffdb0410000 - 0x00007ffdb04b1000 	C:\WINDOWS\System32\ADVAPI32.dll
0x00007ffdb02b0000 - 0x00007ffdb034e000 	C:\WINDOWS\System32\msvcrt.dll
0x00007ffdafe40000 - 0x00007ffdafe9b000 	C:\WINDOWS\System32\sechost.dll
0x00007ffdb1190000 - 0x00007ffdb12b4000 	C:\WINDOWS\System32\RPCRT4.dll
0x00007ffdb0120000 - 0x00007ffdb02b0000 	C:\WINDOWS\System32\USER32.dll
0x00007ffdad720000 - 0x00007ffdad740000 	C:\WINDOWS\System32\win32u.dll
0x00007ffdb0010000 - 0x00007ffdb0038000 	C:\WINDOWS\System32\GDI32.dll
0x00007ffdadf30000 - 0x00007ffdae0c2000 	C:\WINDOWS\System32\gdi32full.dll
0x00007ffdadc10000 - 0x00007ffdadcaf000 	C:\WINDOWS\System32\msvcp_win.dll
0x00007ffdadb10000 - 0x00007ffdadc0a000 	C:\WINDOWS\System32\ucrtbase.dll
0x00007ffd9c230000 - 0x00007ffd9c23a000 	C:\WINDOWS\SYSTEM32\VERSION.dll
0x00007ffd996c0000 - 0x00007ffd99929000 	C:\WINDOWS\WinSxS\amd64_microsoft.windows.common-controls_6595b64144ccf1df_6.0.17134.112_none_fb3f961b30681c12\COMCTL32.dll
0x00007ffdb0840000 - 0x00007ffdb0b63000 	C:\WINDOWS\System32\combase.dll
0x00007ffdad7a0000 - 0x00007ffdad81a000 	C:\WINDOWS\System32\bcryptPrimitives.dll
0x00007ffdb00f0000 - 0x00007ffdb011d000 	C:\WINDOWS\System32\IMM32.DLL
0x00007ffd81d20000 - 0x00007ffd81e0f000 	C:\Program Files\Java\jdk-10.0.1\bin\msvcr120.dll
0x00007ffd94af0000 - 0x00007ffd94b96000 	C:\Program Files\Java\jdk-10.0.1\bin\msvcp120.dll
0x00000000749d0000 - 0x0000000075440000 	C:\Program Files\Java\jdk-10.0.1\bin\server\jvm.dll
0x00007ffdb10b0000 - 0x00007ffdb10b8000 	C:\WINDOWS\System32\PSAPI.DLL
0x00007ffdaab50000 - 0x00007ffdaab73000 	C:\WINDOWS\SYSTEM32\WINMM.dll
0x00007ffda8430000 - 0x00007ffda8439000 	C:\WINDOWS\SYSTEM32\WSOCK32.dll
0x00007ffdb10c0000 - 0x00007ffdb112c000 	C:\WINDOWS\System32\WS2_32.dll
0x00007ffdaab20000 - 0x00007ffdaab4a000 	C:\WINDOWS\SYSTEM32\WINMMBASE.dll
0x00007ffdad820000 - 0x00007ffdad869000 	C:\WINDOWS\System32\cfgmgr32.dll
0x00007ffda8c60000 - 0x00007ffda8c6f000 	C:\Program Files\Java\jdk-10.0.1\bin\verify.dll
0x00007ffdab830000 - 0x00007ffdab9f9000 	C:\WINDOWS\SYSTEM32\DBGHELP.DLL
0x00007ffd9bbe0000 - 0x00007ffd9bc09000 	C:\WINDOWS\SYSTEM32\dbgcore.DLL
0x00007ffda1810000 - 0x00007ffda1837000 	C:\Program Files\Java\jdk-10.0.1\bin\java.dll
0x00007ffda1790000 - 0x00007ffda17c6000 	C:\Program Files\Java\jdk-10.0.1\bin\jdwp.dll
0x00007ffda1770000 - 0x00007ffda1786000 	C:\Program Files\Java\jdk-10.0.1\bin\zip.dll
0x00007ffda8c50000 - 0x00007ffda8c5a000 	C:\Program Files\Java\jdk-10.0.1\bin\jimage.dll
0x00007ffdae950000 - 0x00007ffdafd90000 	C:\WINDOWS\System32\SHELL32.dll
0x00007ffdb0040000 - 0x00007ffdb00e9000 	C:\WINDOWS\System32\shcore.dll
0x00007ffdae0d0000 - 0x00007ffdae7dd000 	C:\WINDOWS\System32\windows.storage.dll
0x00007ffdb1130000 - 0x00007ffdb1181000 	C:\WINDOWS\System32\shlwapi.dll
0x00007ffdad700000 - 0x00007ffdad711000 	C:\WINDOWS\System32\kernel.appcore.dll
0x00007ffdad6e0000 - 0x00007ffdad6ff000 	C:\WINDOWS\System32\profapi.dll
0x00007ffdad690000 - 0x00007ffdad6dc000 	C:\WINDOWS\System32\powrprof.dll
0x00007ffdad660000 - 0x00007ffdad66a000 	C:\WINDOWS\System32\FLTLIB.DLL
0x00007ffda9540000 - 0x00007ffda954a000 	C:\Program Files\Java\jdk-10.0.1\bin\dt_socket.dll
0x00007ffdacee0000 - 0x00007ffdacf46000 	C:\WINDOWS\System32\mswsock.dll
0x00007ffdacca0000 - 0x00007ffdacd5e000 	C:\WINDOWS\SYSTEM32\DNSAPI.dll
0x00007ffdafe30000 - 0x00007ffdafe38000 	C:\WINDOWS\System32\NSI.dll
0x00007ffdacc60000 - 0x00007ffdacc98000 	C:\WINDOWS\SYSTEM32\IPHLPAPI.DLL
0x00007ffd9e830000 - 0x00007ffd9e8a2000 	C:\WINDOWS\System32\fwpuclnt.dll
0x00007ffdad1c0000 - 0x00007ffdad1e5000 	C:\WINDOWS\SYSTEM32\bcrypt.dll
0x00007ffda2f30000 - 0x00007ffda2f3a000 	C:\Windows\System32\rasadhlp.dll
0x00007ffda1750000 - 0x00007ffda176a000 	C:\Program Files\Java\jdk-10.0.1\bin\net.dll
0x00007ffda8d80000 - 0x00007ffda8e5d000 	C:\WINDOWS\SYSTEM32\WINHTTP.dll
0x00007ffda1730000 - 0x00007ffda1741000 	C:\Program Files\Java\jdk-10.0.1\bin\nio.dll
0x00007ffda79a0000 - 0x00007ffda79a9000 	C:\Program Files\Java\jdk-10.0.1\bin\management.dll
0x00007ffda76c0000 - 0x00007ffda76ca000 	C:\Program Files\Java\jdk-10.0.1\bin\management_ext.dll

dbghelp: loaded successfully - version: 4.0.5 - missing functions: none
symbol engine: initialized successfully - sym options: 0x614 - pdb path: .;C:\Program Files\Java\jdk-10.0.1\bin;C:\WINDOWS\SYSTEM32;C:\WINDOWS\WinSxS\amd64_microsoft.windows.common-controls_6595b64144ccf1df_6.0.17134.112_none_fb3f961b30681c12;C:\Program Files\Java\jdk-10.0.1\bin\server

VM Arguments:
jvm_args: -agentlib:jdwp=transport=dt_socket,suspend=y,address=localhost:59430 -ea -Dfile.encoding=Cp1252 
java_command: org.eclipse.jdt.internal.junit.runner.RemoteTestRunner -version 3 -port 59429 -testLoaderClass org.eclipse.jdt.internal.junit4.runner.JUnit4TestLoader -loaderpluginname org.eclipse.jdt.junit4.runtime -classNames spacecolonies.PlanetTest
java_class_path (initial): C:\Users\Bengi Sevil\CS_VT\CS2114\SpaceColonies\bin;C:\Users\Bengi Sevil\CS_VT\CS2114\CarranoDataStructuresLib\bin;C:\Users\Bengi Sevil\CS_VT\CS2114\CarranoDataStructuresLib\lib\CarranoDataStructures.jar;C:\Users\Bengi Sevil\CS_VT\CS2114\CS2114-Support;C:\Users\Bengi Sevil\CS_VT\CS2114\CS2114-Support\student.jar;C:\Users\Bengi Sevil\CS_VT\CS2114\CS2114-Support\exception-doctor_1.0.6.jar;C:\Users\Bengi Sevil\CS_VT\CS2114\CS2114-Support\BTtracker.jar;C:\Users\Bengi Sevil\CS_VT\CS2114\CS2114-Support\gnu-regexp-1.1.0.jar;C:\Users\Bengi Sevil\CS_VT\CS2114\CS2114-Support\jdom.jar;C:\Users\Bengi Sevil\CS_VT\CS2114\CS2114-Support\acm.jar;C:\Users\Bengi Sevil\CS_VT\CS2114\CS2114-Support\bsh.jar;C:\Users\Bengi Sevil\CS_VT\CS2114\CS2114-Support\commons-codec-1.3.jar;C:\Users\Bengi Sevil\CS_VT\CS2114\CS2114-Support\javazoom.jar;C:\Users\Bengi Sevil\CS_VT\CS2114\CS2114-Support\jgraph.jar;C:\Users\Bengi Sevil\CS_VT\CS2114\CS2114-Support\jmf.jar;C:\Users\Bengi Sevil\CS_VT\CS2114\CS2114-Support\mediacomp.jar;C:\Users\Bengi Sevil\CS_VT\CS2114\CS2114-Support\rome-0.9.jar;C:\Users\Bengi Sevil\CS_VT\CS2114\CS2114-Support\serializer.jar;C:\Users\Bengi Sevil\CS_VT\CS2114\CS2114-Support\sound.jar;C:\Users\Bengi Sevil\CS_VT\CS2114\CS2114-Support\tagsoup-1.2.jar;C:\Users\Bengi Sevil\CS_VT\CS2114\CS2114-Support\utils.jar;C:\Users\Bengi Sevil\CS_VT\CS2114\CS2114-Support\xalan.jar;C:\Users\Bengi Sevil\CS_VT\CS2114\CS2114-Support\xercesImpl.jar;C:\Users\Bengi Sevil\CS_VT\CS2114\CS2114-Support\xml-apis.jar;C:\Users\Bengi Sevil\CS_VT\CS2114\CS2114-Support\xpp3_min-1.1.4c.jar;C:\Users\Bengi Sevil\CS_VT\CS2114\CS2114-Support\xstream-1.3.1.jar;C:\Users\Bengi Sevil\CS_VT\CS2114\GraphWindowLib\bin;C:\Users\Bengi Sevil\CS_VT\CS2114\GraphWindowLib\lib\GraphWindow.jar;C:\Users\Bengi Sevil\eclipse\java-oxygen\eclipse\configuration\org.eclipse.osgi\230\0\.cp;C:\Users\Bengi Sevil\eclipse\java-oxygen\eclipse\configuration\org.eclipse.osgi\229\0\.cp
Launcher Type: SUN_STANDARD

Logging:
Log output configuration:
#0: stdout all=warning uptime,level,tags
#1: stderr all=off uptime,level,tags

Environment Variables:
PATH=C:/Program Files/Java/jdk-10.0.1/bin/server;C:/Program Files/Java/jdk-10.0.1/bin;C:\Program Files (x86)\Common Files\Oracle\Java\javapath;C:\WINDOWS\system32;C:\WINDOWS;C:\WINDOWS\System32\Wbem;C:\WINDOWS\System32\WindowsPowerShell\v1.0\;C:\Program Files (x86)\Git\cmd;C:\HashiCorp\Vagrant\bin;C:\Program Files\MATLAB\R2017b\bin;C:\Program Files\Microsoft SQL Server\130\Tools\Binn\;C:\Program Files\PuTTY\;C:\WINDOWS\System32\OpenSSH\;C:\Users\Bengi Sevil\AppData\Local\Microsoft\WindowsApps;C:\intelFPGA_lite\16.1\modelsim_ase\win32aloem;C:\Program Files\CMake\bin;C:\Users\Bengi Sevil\AppData\Local\GitHubDesktop\bin;C:\Qt\Qt5.10.1\5.10.1\msvc2015\bin;;%USERPROFILE%\AppData\Local\Microsoft\WindowsApps;C:\WINDOWS\system32;
USERNAME=Bengi Sevil
OS=Windows_NT
PROCESSOR_IDENTIFIER=Intel64 Family 6 Model 69 Stepping 1, GenuineIntel



---------------  S Y S T E M  ---------------

OS: Windows 10 , 64 bit Build 17134 (10.0.17134.1)

CPU:total 4 (initial active 4) (2 cores per cpu, 2 threads per core) family 6 model 69 stepping 1, cmov, cx8, fxsr, mmx, sse, sse2, sse3, ssse3, sse4.1, sse4.2, popcnt, avx, avx2, aes, clmul, erms, lzcnt, ht, tsc, tscinvbit, bmi1, bmi2, fma

Memory: 4k page, physical 8298776k(2268760k free), swap 12493080k(3974780k free)

vm_info: Java HotSpot(TM) 64-Bit Server VM (10.0.1+10) for windows-amd64 JRE (10.0.1+10), built on Mar 27 2018 02:27:48 by "mach5one" with MS VC++ 12.0 (VS2013)

END.
