#
# A fatal error has been detected by the Java Runtime Environment:
#
#  EXCEPTION_ACCESS_VIOLATION (0xc0000005) at pc=0x0000000077be96ba, pid=8656, tid=7288
#
# JRE version: Java(TM) SE Runtime Environment (10.0.1+10) (build 10.0.1+10)
# Java VM: Java HotSpot(TM) 64-Bit Server VM (10.0.1+10, mixed mode, tiered, compressed oops, g1 gc, windows-amd64)
# Problematic frame:
# V  [jvm.dll+0x6596ba]
#
# No core dump will be written. Minidumps are not enabled by default on client versions of Windows
#
# If you would like to submit a bug report, please visit:
#   http://bugreport.java.com/bugreport/crash.jsp
#

---------------  S U M M A R Y ------------

Command Line: -agentlib:jdwp=transport=dt_socket,suspend=y,address=localhost:55144 -ea -Dfile.encoding=Cp1252 org.eclipse.jdt.internal.junit.runner.RemoteTestRunner -version 3 -port 55143 -testLoaderClass org.eclipse.jdt.internal.junit4.runner.JUnit4TestLoader -loaderpluginname org.eclipse.jdt.junit4.runtime -classNames deque.Lab08DequeTest

Host: Intel(R) Core(TM) i7-4500U CPU @ 1.80GHz, 4 cores, 7G,  Windows 10 , 64 bit Build 17134 (10.0.17134.1)
Time: Tue Jun 12 00:20:59 2018 Eastern Daylight Time elapsed time: 100 seconds (0d 0h 1m 40s)

---------------  T H R E A D  ---------------

Current thread (0x00000275bb873000):  JavaThread "JDWP Transport Listener: dt_socket" daemon [_thread_in_vm, id=7288, stack(0x0000008e36e00000,0x0000008e36f00000)] _threads_hazard_ptr=0x00000275bba15f00

Stack: [0x0000008e36e00000,0x0000008e36f00000],  sp=0x0000008e36efefe0,  free space=1019k
Native frames: (J=compiled Java code, j=interpreted, Vv=VM code, C=native code)
V  [jvm.dll+0x6596ba]
V  [jvm.dll+0x473704]
V  [jvm.dll+0x474002]
V  [jvm.dll+0x6c3177]
V  [jvm.dll+0x45ce6e]
V  [jvm.dll+0x42be80]
C  [jdwp.dll+0x748f]


siginfo: EXCEPTION_ACCESS_VIOLATION (0xc0000005), reading address 0x0000000000000000


Register to memory mapping:

RIP=0x0000000077be96ba jvm.dll
RAX=0x00000275bb1f43b0 is pointing into metadata
RBX=0x0000008e36eff2b0 is pointing into the stack for thread: 0x00000275bb873000
RCX=0x0000000000000000 is an unknown value
RDX=0x0000000000000275 is an unknown value
RSP=0x0000008e36efefe0 is pointing into the stack for thread: 0x00000275bb873000
RBP=0x0000000000000000 is an unknown value
RSI=0x00000000000000ca is an unknown value
RDI=0x0000000000000009 is an unknown value
R8 =0x0000000000000006 is an unknown value
R9 =0x0000000000000000 is an unknown value
R10=0x0000000000000006 is an unknown value
R11=0x00000275bc1b7f08 is an unknown value
R12=0x0000000000000000 is an unknown value
R13={method} {0x00000275bb1f4410} 'testToString' '()V' in 'deque/Lab08DequeTest'
R14=0x0000000000000000 is an unknown value
R15=0x00000275bb1f3a8e is pointing into metadata


Registers:
RAX=0x00000275bb1f43b0, RBX=0x0000008e36eff2b0, RCX=0x0000000000000000, RDX=0x0000000000000275
RSP=0x0000008e36efefe0, RBP=0x0000000000000000, RSI=0x00000000000000ca, RDI=0x0000000000000009
R8 =0x0000000000000006, R9 =0x0000000000000000, R10=0x0000000000000006, R11=0x00000275bc1b7f08
R12=0x0000000000000000, R13=0x00000275bb1f4408, R14=0x0000000000000000, R15=0x00000275bb1f3a8e
RIP=0x0000000077be96ba, EFLAGS=0x0000000000010202

Top of Stack: (sp=0x0000008e36efefe0)
0x0000008e36efefe0:   00000275a4ce8990 0000000000000000
0x0000008e36efeff0:   0000008e359fdfd0 0000008e359fdf88
0x0000008e36eff000:   0000000000000009 0000000077a03704
0x0000008e36eff010:   0000008e36eff2b0 0000000000000000
0x0000008e36eff020:   0000000000000000 0000000077c450a9
0x0000008e36eff030:   0000000000000000 0000000000000000
0x0000008e36eff040:   0000000000000000 0000000000000000
0x0000008e36eff050:   0000008e359fdf88 00000275a4cf1e27
0x0000008e36eff060:   00000275a4ce8990 0000000000000000
0x0000008e36eff070:   0000000000000000 0000008e36eff2b0
0x0000008e36eff080:   00000275bad64e90 0000000077a04002
0x0000008e36eff090:   00000275bb873000 0000000000000000
0x0000008e36eff0a0:   00000000000003d8 00000275bc1b6cd0
0x0000008e36eff0b0:   0000008e36eff2b0 0000000077c53177
0x0000008e36eff0c0:   00000275bb8323b0 0000000077c53410
0x0000008e36eff0d0:   0000027599956770 0000000000000000 

Instructions: (pc=0x0000000077be96ba)
0x0000000077be969a:   88 48 ff 48 ff ca 75 ee 43 c6 04 10 00 49 8b c2
0x0000000077be96aa:   c3 cc cc cc cc cc 48 89 5c 24 08 57 48 83 ec 20
0x0000000077be96ba:   0f b7 39 48 8b d9 33 d2 ff c7 48 63 cf e8 c4 07
0x0000000077be96ca:   fa ff 4c 8b c8 85 ff 7e 36 44 0f b7 03 8d 57 ff 



---------------  P R O C E S S  ---------------

Threads class SMR info:
_java_thread_list=0x00000275bba15f00, length=15, elements={
0x0000027599958000, 0x00000275bad32800, 0x00000275bad34000, 0x00000275bb6a2800,
0x00000275bad3d800, 0x00000275bad41000, 0x00000275bad4b800, 0x00000275bad52000,
0x00000275bad53800, 0x00000275bb873000, 0x00000275bb874800, 0x00000275bb875000,
0x00000275bb88b800, 0x00000275bb8a6800, 0x00000275bbda1000
}

Java Threads: ( => current thread )
  0x0000027599958000 JavaThread "main" [_thread_blocked, id=7216, stack(0x0000008e35900000,0x0000008e35a00000)]
  0x00000275bad32800 JavaThread "Reference Handler" daemon [_thread_blocked, id=16000, stack(0x0000008e36600000,0x0000008e36700000)]
  0x00000275bad34000 JavaThread "Finalizer" daemon [_thread_blocked, id=11852, stack(0x0000008e36700000,0x0000008e36800000)]
  0x00000275bb6a2800 JavaThread "Signal Dispatcher" daemon [_thread_blocked, id=15924, stack(0x0000008e36800000,0x0000008e36900000)]
  0x00000275bad3d800 JavaThread "Attach Listener" daemon [_thread_blocked, id=9688, stack(0x0000008e36900000,0x0000008e36a00000)]
  0x00000275bad41000 JavaThread "C2 CompilerThread0" daemon [_thread_blocked, id=13948, stack(0x0000008e36a00000,0x0000008e36b00000)]
  0x00000275bad4b800 JavaThread "C2 CompilerThread1" daemon [_thread_blocked, id=9428, stack(0x0000008e36b00000,0x0000008e36c00000)]
  0x00000275bad52000 JavaThread "C1 CompilerThread2" daemon [_thread_blocked, id=11016, stack(0x0000008e36c00000,0x0000008e36d00000)]
  0x00000275bad53800 JavaThread "Sweeper thread" daemon [_thread_blocked, id=2216, stack(0x0000008e36d00000,0x0000008e36e00000)]
=>0x00000275bb873000 JavaThread "JDWP Transport Listener: dt_socket" daemon [_thread_in_vm, id=7288, stack(0x0000008e36e00000,0x0000008e36f00000)] _threads_hazard_ptr=0x00000275bba15f00
  0x00000275bb874800 JavaThread "JDWP Event Helper Thread" daemon [_thread_blocked, id=15732, stack(0x0000008e36f00000,0x0000008e37000000)]
  0x00000275bb875000 JavaThread "JDWP Command Reader" daemon [_thread_in_native, id=11996, stack(0x0000008e37000000,0x0000008e37100000)]
  0x00000275bb88b800 JavaThread "Service Thread" daemon [_thread_blocked, id=5472, stack(0x0000008e37100000,0x0000008e37200000)]
  0x00000275bb8a6800 JavaThread "Common-Cleaner" daemon [_thread_blocked, id=6200, stack(0x0000008e37200000,0x0000008e37300000)]
  0x00000275bbda1000 JavaThread "ReaderThread" [_thread_in_native, id=14060, stack(0x0000008e37400000,0x0000008e37500000)]

Other Threads:
  0x00000275bad19000 VMThread "VM Thread" [stack: 0x0000008e36500000,0x0000008e36600000] [id=7344]
  0x00000275bb8ac000 WatcherThread [stack: 0x0000008e37300000,0x0000008e37400000] [id=9196]
  0x0000027599969800 GCTaskThread "GC Thread#0" [stack: 0x0000008e35a00000,0x0000008e35b00000] [id=13252]
  0x000002759996b000 GCTaskThread "GC Thread#1" [stack: 0x0000008e35b00000,0x0000008e35c00000] [id=14364]
  0x000002759996d800 GCTaskThread "GC Thread#2" [stack: 0x0000008e35c00000,0x0000008e35d00000] [id=14016]
  0x0000027599970000 GCTaskThread "GC Thread#3" [stack: 0x0000008e35d00000,0x0000008e35e00000] [id=9812]
  0x00000275999da800 ConcurrentGCThread "G1 Main Marker" [stack: 0x0000008e35e00000,0x0000008e35f00000] [id=8296]
  0x00000275999de800 ConcurrentGCThread "G1 Conc#0" [stack: 0x0000008e35f00000,0x0000008e36000000] [id=3308]
  0x00000275baba4800 ConcurrentGCThread "G1 Refine#0" [stack: 0x0000008e36000000,0x0000008e36100000] [id=5168]
  0x00000275baba6800 ConcurrentGCThread "G1 Refine#1" [stack: 0x0000008e36100000,0x0000008e36200000] [id=16116]
  0x00000275baba8800 ConcurrentGCThread "G1 Refine#2" [stack: 0x0000008e36200000,0x0000008e36300000] [id=2768]
  0x00000275babaa800 ConcurrentGCThread "G1 Refine#3" [stack: 0x0000008e36300000,0x0000008e36400000] [id=12360]
  0x00000275babaf000 ConcurrentGCThread "G1 Young RemSet Sampling" [stack: 0x0000008e36400000,0x0000008e36500000] [id=9768]

Threads with active compile tasks:

VM state:not at safepoint (normal execution)

VM Mutex/Monitor currently owned by a thread: None

Heap address: 0x0000000081400000, size: 2028 MB, Compressed Oops mode: 32-bit
Narrow klass base: 0x0000000000000000, Narrow klass shift: 3
Compressed class space size: 1073741824 Address: 0x0000000100000000

Heap:
 garbage-first heap   total 131072K, used 9216K [0x0000000081400000, 0x0000000100000000)
  region size 1024K, 10 young (10240K), 0 survivors (0K)
 Metaspace       used 9936K, capacity 10154K, committed 10496K, reserved 1058816K
  class space    used 931K, capacity 988K, committed 1024K, reserved 1048576K
Heap Regions: E=young(eden), S=young(survivor), O=old, HS=humongous(starts), HC=humongous(continues), CS=collection set, F=free, A=archive, TS=gc time stamp, AC=allocation context, TAMS=top-at-mark-start (previous, next)
|   0|0x0000000081400000, 0x0000000081400000, 0x0000000081500000|  0%| F|  |TS  0|AC  0|TAMS 0x0000000081400000, 0x0000000081400000|
|   1|0x0000000081500000, 0x0000000081500000, 0x0000000081600000|  0%| F|  |TS  0|AC  0|TAMS 0x0000000081500000, 0x0000000081500000|
|   2|0x0000000081600000, 0x0000000081600000, 0x0000000081700000|  0%| F|  |TS  0|AC  0|TAMS 0x0000000081600000, 0x0000000081600000|
|   3|0x0000000081700000, 0x0000000081700000, 0x0000000081800000|  0%| F|  |TS  0|AC  0|TAMS 0x0000000081700000, 0x0000000081700000|
|   4|0x0000000081800000, 0x0000000081800000, 0x0000000081900000|  0%| F|  |TS  0|AC  0|TAMS 0x0000000081800000, 0x0000000081800000|
|   5|0x0000000081900000, 0x0000000081900000, 0x0000000081a00000|  0%| F|  |TS  0|AC  0|TAMS 0x0000000081900000, 0x0000000081900000|
|   6|0x0000000081a00000, 0x0000000081a00000, 0x0000000081b00000|  0%| F|  |TS  0|AC  0|TAMS 0x0000000081a00000, 0x0000000081a00000|
|   7|0x0000000081b00000, 0x0000000081b00000, 0x0000000081c00000|  0%| F|  |TS  0|AC  0|TAMS 0x0000000081b00000, 0x0000000081b00000|
|   8|0x0000000081c00000, 0x0000000081c00000, 0x0000000081d00000|  0%| F|  |TS  0|AC  0|TAMS 0x0000000081c00000, 0x0000000081c00000|
|   9|0x0000000081d00000, 0x0000000081d00000, 0x0000000081e00000|  0%| F|  |TS  0|AC  0|TAMS 0x0000000081d00000, 0x0000000081d00000|
|  10|0x0000000081e00000, 0x0000000081e00000, 0x0000000081f00000|  0%| F|  |TS  0|AC  0|TAMS 0x0000000081e00000, 0x0000000081e00000|
|  11|0x0000000081f00000, 0x0000000081f00000, 0x0000000082000000|  0%| F|  |TS  0|AC  0|TAMS 0x0000000081f00000, 0x0000000081f00000|
|  12|0x0000000082000000, 0x0000000082000000, 0x0000000082100000|  0%| F|  |TS  0|AC  0|TAMS 0x0000000082000000, 0x0000000082000000|
|  13|0x0000000082100000, 0x0000000082100000, 0x0000000082200000|  0%| F|  |TS  0|AC  0|TAMS 0x0000000082100000, 0x0000000082100000|
|  14|0x0000000082200000, 0x0000000082200000, 0x0000000082300000|  0%| F|  |TS  0|AC  0|TAMS 0x0000000082200000, 0x0000000082200000|
|  15|0x0000000082300000, 0x0000000082300000, 0x0000000082400000|  0%| F|  |TS  0|AC  0|TAMS 0x0000000082300000, 0x0000000082300000|
|  16|0x0000000082400000, 0x0000000082400000, 0x0000000082500000|  0%| F|  |TS  0|AC  0|TAMS 0x0000000082400000, 0x0000000082400000|
|  17|0x0000000082500000, 0x0000000082500000, 0x0000000082600000|  0%| F|  |TS  0|AC  0|TAMS 0x0000000082500000, 0x0000000082500000|
|  18|0x0000000082600000, 0x0000000082600000, 0x0000000082700000|  0%| F|  |TS  0|AC  0|TAMS 0x0000000082600000, 0x0000000082600000|
|  19|0x0000000082700000, 0x0000000082700000, 0x0000000082800000|  0%| F|  |TS  0|AC  0|TAMS 0x0000000082700000, 0x0000000082700000|
|  20|0x0000000082800000, 0x0000000082800000, 0x0000000082900000|  0%| F|  |TS  0|AC  0|TAMS 0x0000000082800000, 0x0000000082800000|
|  21|0x0000000082900000, 0x0000000082900000, 0x0000000082a00000|  0%| F|  |TS  0|AC  0|TAMS 0x0000000082900000, 0x0000000082900000|
|  22|0x0000000082a00000, 0x0000000082a00000, 0x0000000082b00000|  0%| F|  |TS  0|AC  0|TAMS 0x0000000082a00000, 0x0000000082a00000|
|  23|0x0000000082b00000, 0x0000000082b00000, 0x0000000082c00000|  0%| F|  |TS  0|AC  0|TAMS 0x0000000082b00000, 0x0000000082b00000|
|  24|0x0000000082c00000, 0x0000000082c00000, 0x0000000082d00000|  0%| F|  |TS  0|AC  0|TAMS 0x0000000082c00000, 0x0000000082c00000|
|  25|0x0000000082d00000, 0x0000000082d00000, 0x0000000082e00000|  0%| F|  |TS  0|AC  0|TAMS 0x0000000082d00000, 0x0000000082d00000|
|  26|0x0000000082e00000, 0x0000000082e00000, 0x0000000082f00000|  0%| F|  |TS  0|AC  0|TAMS 0x0000000082e00000, 0x0000000082e00000|
|  27|0x0000000082f00000, 0x0000000082f00000, 0x0000000083000000|  0%| F|  |TS  0|AC  0|TAMS 0x0000000082f00000, 0x0000000082f00000|
|  28|0x0000000083000000, 0x0000000083000000, 0x0000000083100000|  0%| F|  |TS  0|AC  0|TAMS 0x0000000083000000, 0x0000000083000000|
|  29|0x0000000083100000, 0x0000000083100000, 0x0000000083200000|  0%| F|  |TS  0|AC  0|TAMS 0x0000000083100000, 0x0000000083100000|
|  30|0x0000000083200000, 0x0000000083200000, 0x0000000083300000|  0%| F|  |TS  0|AC  0|TAMS 0x0000000083200000, 0x0000000083200000|
|  31|0x0000000083300000, 0x0000000083300000, 0x0000000083400000|  0%| F|  |TS  0|AC  0|TAMS 0x0000000083300000, 0x0000000083300000|
|  32|0x0000000083400000, 0x0000000083400000, 0x0000000083500000|  0%| F|  |TS  0|AC  0|TAMS 0x0000000083400000, 0x0000000083400000|
|  33|0x0000000083500000, 0x0000000083500000, 0x0000000083600000|  0%| F|  |TS  0|AC  0|TAMS 0x0000000083500000, 0x0000000083500000|
|  34|0x0000000083600000, 0x0000000083600000, 0x0000000083700000|  0%| F|  |TS  0|AC  0|TAMS 0x0000000083600000, 0x0000000083600000|
|  35|0x0000000083700000, 0x0000000083700000, 0x0000000083800000|  0%| F|  |TS  0|AC  0|TAMS 0x0000000083700000, 0x0000000083700000|
|  36|0x0000000083800000, 0x0000000083800000, 0x0000000083900000|  0%| F|  |TS  0|AC  0|TAMS 0x0000000083800000, 0x0000000083800000|
|  37|0x0000000083900000, 0x0000000083900000, 0x0000000083a00000|  0%| F|  |TS  0|AC  0|TAMS 0x0000000083900000, 0x0000000083900000|
|  38|0x0000000083a00000, 0x0000000083a00000, 0x0000000083b00000|  0%| F|  |TS  0|AC  0|TAMS 0x0000000083a00000, 0x0000000083a00000|
|  39|0x0000000083b00000, 0x0000000083b00000, 0x0000000083c00000|  0%| F|  |TS  0|AC  0|TAMS 0x0000000083b00000, 0x0000000083b00000|
|  40|0x0000000083c00000, 0x0000000083c00000, 0x0000000083d00000|  0%| F|  |TS  0|AC  0|TAMS 0x0000000083c00000, 0x0000000083c00000|
|  41|0x0000000083d00000, 0x0000000083d00000, 0x0000000083e00000|  0%| F|  |TS  0|AC  0|TAMS 0x0000000083d00000, 0x0000000083d00000|
|  42|0x0000000083e00000, 0x0000000083e00000, 0x0000000083f00000|  0%| F|  |TS  0|AC  0|TAMS 0x0000000083e00000, 0x0000000083e00000|
|  43|0x0000000083f00000, 0x0000000083f00000, 0x0000000084000000|  0%| F|  |TS  0|AC  0|TAMS 0x0000000083f00000, 0x0000000083f00000|
|  44|0x0000000084000000, 0x0000000084000000, 0x0000000084100000|  0%| F|  |TS  0|AC  0|TAMS 0x0000000084000000, 0x0000000084000000|
|  45|0x0000000084100000, 0x0000000084100000, 0x0000000084200000|  0%| F|  |TS  0|AC  0|TAMS 0x0000000084100000, 0x0000000084100000|
|  46|0x0000000084200000, 0x0000000084200000, 0x0000000084300000|  0%| F|  |TS  0|AC  0|TAMS 0x0000000084200000, 0x0000000084200000|
|  47|0x0000000084300000, 0x0000000084300000, 0x0000000084400000|  0%| F|  |TS  0|AC  0|TAMS 0x0000000084300000, 0x0000000084300000|
|  48|0x0000000084400000, 0x0000000084400000, 0x0000000084500000|  0%| F|  |TS  0|AC  0|TAMS 0x0000000084400000, 0x0000000084400000|
|  49|0x0000000084500000, 0x0000000084500000, 0x0000000084600000|  0%| F|  |TS  0|AC  0|TAMS 0x0000000084500000, 0x0000000084500000|
|  50|0x0000000084600000, 0x0000000084600000, 0x0000000084700000|  0%| F|  |TS  0|AC  0|TAMS 0x0000000084600000, 0x0000000084600000|
|  51|0x0000000084700000, 0x0000000084700000, 0x0000000084800000|  0%| F|  |TS  0|AC  0|TAMS 0x0000000084700000, 0x0000000084700000|
|  52|0x0000000084800000, 0x0000000084800000, 0x0000000084900000|  0%| F|  |TS  0|AC  0|TAMS 0x0000000084800000, 0x0000000084800000|
|  53|0x0000000084900000, 0x0000000084900000, 0x0000000084a00000|  0%| F|  |TS  0|AC  0|TAMS 0x0000000084900000, 0x0000000084900000|
|  54|0x0000000084a00000, 0x0000000084a00000, 0x0000000084b00000|  0%| F|  |TS  0|AC  0|TAMS 0x0000000084a00000, 0x0000000084a00000|
|  55|0x0000000084b00000, 0x0000000084b00000, 0x0000000084c00000|  0%| F|  |TS  0|AC  0|TAMS 0x0000000084b00000, 0x0000000084b00000|
|  56|0x0000000084c00000, 0x0000000084c00000, 0x0000000084d00000|  0%| F|  |TS  0|AC  0|TAMS 0x0000000084c00000, 0x0000000084c00000|
|  57|0x0000000084d00000, 0x0000000084d00000, 0x0000000084e00000|  0%| F|  |TS  0|AC  0|TAMS 0x0000000084d00000, 0x0000000084d00000|
|  58|0x0000000084e00000, 0x0000000084e00000, 0x0000000084f00000|  0%| F|  |TS  0|AC  0|TAMS 0x0000000084e00000, 0x0000000084e00000|
|  59|0x0000000084f00000, 0x0000000084f00000, 0x0000000085000000|  0%| F|  |TS  0|AC  0|TAMS 0x0000000084f00000, 0x0000000084f00000|
|  60|0x0000000085000000, 0x0000000085000000, 0x0000000085100000|  0%| F|  |TS  0|AC  0|TAMS 0x0000000085000000, 0x0000000085000000|
|  61|0x0000000085100000, 0x0000000085100000, 0x0000000085200000|  0%| F|  |TS  0|AC  0|TAMS 0x0000000085100000, 0x0000000085100000|
|  62|0x0000000085200000, 0x0000000085200000, 0x0000000085300000|  0%| F|  |TS  0|AC  0|TAMS 0x0000000085200000, 0x0000000085200000|
|  63|0x0000000085300000, 0x0000000085300000, 0x0000000085400000|  0%| F|  |TS  0|AC  0|TAMS 0x0000000085300000, 0x0000000085300000|
|  64|0x0000000085400000, 0x0000000085400000, 0x0000000085500000|  0%| F|  |TS  0|AC  0|TAMS 0x0000000085400000, 0x0000000085400000|
|  65|0x0000000085500000, 0x0000000085500000, 0x0000000085600000|  0%| F|  |TS  0|AC  0|TAMS 0x0000000085500000, 0x0000000085500000|
|  66|0x0000000085600000, 0x0000000085600000, 0x0000000085700000|  0%| F|  |TS  0|AC  0|TAMS 0x0000000085600000, 0x0000000085600000|
|  67|0x0000000085700000, 0x0000000085700000, 0x0000000085800000|  0%| F|  |TS  0|AC  0|TAMS 0x0000000085700000, 0x0000000085700000|
|  68|0x0000000085800000, 0x0000000085800000, 0x0000000085900000|  0%| F|  |TS  0|AC  0|TAMS 0x0000000085800000, 0x0000000085800000|
|  69|0x0000000085900000, 0x0000000085900000, 0x0000000085a00000|  0%| F|  |TS  0|AC  0|TAMS 0x0000000085900000, 0x0000000085900000|
|  70|0x0000000085a00000, 0x0000000085a00000, 0x0000000085b00000|  0%| F|  |TS  0|AC  0|TAMS 0x0000000085a00000, 0x0000000085a00000|
|  71|0x0000000085b00000, 0x0000000085b00000, 0x0000000085c00000|  0%| F|  |TS  0|AC  0|TAMS 0x0000000085b00000, 0x0000000085b00000|
|  72|0x0000000085c00000, 0x0000000085c00000, 0x0000000085d00000|  0%| F|  |TS  0|AC  0|TAMS 0x0000000085c00000, 0x0000000085c00000|
|  73|0x0000000085d00000, 0x0000000085d00000, 0x0000000085e00000|  0%| F|  |TS  0|AC  0|TAMS 0x0000000085d00000, 0x0000000085d00000|
|  74|0x0000000085e00000, 0x0000000085e00000, 0x0000000085f00000|  0%| F|  |TS  0|AC  0|TAMS 0x0000000085e00000, 0x0000000085e00000|
|  75|0x0000000085f00000, 0x0000000085f00000, 0x0000000086000000|  0%| F|  |TS  0|AC  0|TAMS 0x0000000085f00000, 0x0000000085f00000|
|  76|0x0000000086000000, 0x0000000086000000, 0x0000000086100000|  0%| F|  |TS  0|AC  0|TAMS 0x0000000086000000, 0x0000000086000000|
|  77|0x0000000086100000, 0x0000000086100000, 0x0000000086200000|  0%| F|  |TS  0|AC  0|TAMS 0x0000000086100000, 0x0000000086100000|
|  78|0x0000000086200000, 0x0000000086200000, 0x0000000086300000|  0%| F|  |TS  0|AC  0|TAMS 0x0000000086200000, 0x0000000086200000|
|  79|0x0000000086300000, 0x0000000086300000, 0x0000000086400000|  0%| F|  |TS  0|AC  0|TAMS 0x0000000086300000, 0x0000000086300000|
|  80|0x0000000086400000, 0x0000000086400000, 0x0000000086500000|  0%| F|  |TS  0|AC  0|TAMS 0x0000000086400000, 0x0000000086400000|
|  81|0x0000000086500000, 0x0000000086500000, 0x0000000086600000|  0%| F|  |TS  0|AC  0|TAMS 0x0000000086500000, 0x0000000086500000|
|  82|0x0000000086600000, 0x0000000086600000, 0x0000000086700000|  0%| F|  |TS  0|AC  0|TAMS 0x0000000086600000, 0x0000000086600000|
|  83|0x0000000086700000, 0x0000000086700000, 0x0000000086800000|  0%| F|  |TS  0|AC  0|TAMS 0x0000000086700000, 0x0000000086700000|
|  84|0x0000000086800000, 0x0000000086800000, 0x0000000086900000|  0%| F|  |TS  0|AC  0|TAMS 0x0000000086800000, 0x0000000086800000|
|  85|0x0000000086900000, 0x0000000086900000, 0x0000000086a00000|  0%| F|  |TS  0|AC  0|TAMS 0x0000000086900000, 0x0000000086900000|
|  86|0x0000000086a00000, 0x0000000086a00000, 0x0000000086b00000|  0%| F|  |TS  0|AC  0|TAMS 0x0000000086a00000, 0x0000000086a00000|
|  87|0x0000000086b00000, 0x0000000086b00000, 0x0000000086c00000|  0%| F|  |TS  0|AC  0|TAMS 0x0000000086b00000, 0x0000000086b00000|
|  88|0x0000000086c00000, 0x0000000086c00000, 0x0000000086d00000|  0%| F|  |TS  0|AC  0|TAMS 0x0000000086c00000, 0x0000000086c00000|
|  89|0x0000000086d00000, 0x0000000086d00000, 0x0000000086e00000|  0%| F|  |TS  0|AC  0|TAMS 0x0000000086d00000, 0x0000000086d00000|
|  90|0x0000000086e00000, 0x0000000086e00000, 0x0000000086f00000|  0%| F|  |TS  0|AC  0|TAMS 0x0000000086e00000, 0x0000000086e00000|
|  91|0x0000000086f00000, 0x0000000086f00000, 0x0000000087000000|  0%| F|  |TS  0|AC  0|TAMS 0x0000000086f00000, 0x0000000086f00000|
|  92|0x0000000087000000, 0x0000000087000000, 0x0000000087100000|  0%| F|  |TS  0|AC  0|TAMS 0x0000000087000000, 0x0000000087000000|
|  93|0x0000000087100000, 0x0000000087100000, 0x0000000087200000|  0%| F|  |TS  0|AC  0|TAMS 0x0000000087100000, 0x0000000087100000|
|  94|0x0000000087200000, 0x0000000087200000, 0x0000000087300000|  0%| F|  |TS  0|AC  0|TAMS 0x0000000087200000, 0x0000000087200000|
|  95|0x0000000087300000, 0x0000000087300000, 0x0000000087400000|  0%| F|  |TS  0|AC  0|TAMS 0x0000000087300000, 0x0000000087300000|
|  96|0x0000000087400000, 0x0000000087400000, 0x0000000087500000|  0%| F|  |TS  0|AC  0|TAMS 0x0000000087400000, 0x0000000087400000|
|  97|0x0000000087500000, 0x0000000087500000, 0x0000000087600000|  0%| F|  |TS  0|AC  0|TAMS 0x0000000087500000, 0x0000000087500000|
|  98|0x0000000087600000, 0x0000000087600000, 0x0000000087700000|  0%| F|  |TS  0|AC  0|TAMS 0x0000000087600000, 0x0000000087600000|
|  99|0x0000000087700000, 0x0000000087700000, 0x0000000087800000|  0%| F|  |TS  0|AC  0|TAMS 0x0000000087700000, 0x0000000087700000|
| 100|0x0000000087800000, 0x0000000087800000, 0x0000000087900000|  0%| F|  |TS  0|AC  0|TAMS 0x0000000087800000, 0x0000000087800000|
| 101|0x0000000087900000, 0x0000000087900000, 0x0000000087a00000|  0%| F|  |TS  0|AC  0|TAMS 0x0000000087900000, 0x0000000087900000|
| 102|0x0000000087a00000, 0x0000000087a00000, 0x0000000087b00000|  0%| F|  |TS  0|AC  0|TAMS 0x0000000087a00000, 0x0000000087a00000|
| 103|0x0000000087b00000, 0x0000000087b00000, 0x0000000087c00000|  0%| F|  |TS  0|AC  0|TAMS 0x0000000087b00000, 0x0000000087b00000|
| 104|0x0000000087c00000, 0x0000000087c00000, 0x0000000087d00000|  0%| F|  |TS  0|AC  0|TAMS 0x0000000087c00000, 0x0000000087c00000|
| 105|0x0000000087d00000, 0x0000000087d00000, 0x0000000087e00000|  0%| F|  |TS  0|AC  0|TAMS 0x0000000087d00000, 0x0000000087d00000|
| 106|0x0000000087e00000, 0x0000000087e00000, 0x0000000087f00000|  0%| F|  |TS  0|AC  0|TAMS 0x0000000087e00000, 0x0000000087e00000|
| 107|0x0000000087f00000, 0x0000000087f00000, 0x0000000088000000|  0%| F|  |TS  0|AC  0|TAMS 0x0000000087f00000, 0x0000000087f00000|
| 108|0x0000000088000000, 0x0000000088000000, 0x0000000088100000|  0%| F|  |TS  0|AC  0|TAMS 0x0000000088000000, 0x0000000088000000|
| 109|0x0000000088100000, 0x0000000088100000, 0x0000000088200000|  0%| F|  |TS  0|AC  0|TAMS 0x0000000088100000, 0x0000000088100000|
| 110|0x0000000088200000, 0x0000000088200000, 0x0000000088300000|  0%| F|  |TS  0|AC  0|TAMS 0x0000000088200000, 0x0000000088200000|
| 111|0x0000000088300000, 0x0000000088300000, 0x0000000088400000|  0%| F|  |TS  0|AC  0|TAMS 0x0000000088300000, 0x0000000088300000|
| 112|0x0000000088400000, 0x0000000088400000, 0x0000000088500000|  0%| F|  |TS  0|AC  0|TAMS 0x0000000088400000, 0x0000000088400000|
| 113|0x0000000088500000, 0x0000000088500000, 0x0000000088600000|  0%| F|  |TS  0|AC  0|TAMS 0x0000000088500000, 0x0000000088500000|
| 114|0x0000000088600000, 0x0000000088600000, 0x0000000088700000|  0%| F|  |TS  0|AC  0|TAMS 0x0000000088600000, 0x0000000088600000|
| 115|0x0000000088700000, 0x0000000088700000, 0x0000000088800000|  0%| F|  |TS  0|AC  0|TAMS 0x0000000088700000, 0x0000000088700000|
| 116|0x0000000088800000, 0x0000000088800000, 0x0000000088900000|  0%| F|  |TS  0|AC  0|TAMS 0x0000000088800000, 0x0000000088800000|
| 117|0x0000000088900000, 0x0000000088900000, 0x0000000088a00000|  0%| F|  |TS  0|AC  0|TAMS 0x0000000088900000, 0x0000000088900000|
| 118|0x0000000088a00000, 0x0000000088b00000, 0x0000000088b00000|100%| E|  |TS  0|AC  0|TAMS 0x0000000088a00000, 0x0000000088a00000|
| 119|0x0000000088b00000, 0x0000000088c00000, 0x0000000088c00000|100%| E|CS|TS  0|AC  0|TAMS 0x0000000088b00000, 0x0000000088b00000|
| 120|0x0000000088c00000, 0x0000000088d00000, 0x0000000088d00000|100%| E|CS|TS  0|AC  0|TAMS 0x0000000088c00000, 0x0000000088c00000|
| 121|0x0000000088d00000, 0x0000000088e00000, 0x0000000088e00000|100%| E|CS|TS  0|AC  0|TAMS 0x0000000088d00000, 0x0000000088d00000|
| 122|0x0000000088e00000, 0x0000000088f00000, 0x0000000088f00000|100%| E|CS|TS  0|AC  0|TAMS 0x0000000088e00000, 0x0000000088e00000|
| 123|0x0000000088f00000, 0x0000000089000000, 0x0000000089000000|100%| E|CS|TS  0|AC  0|TAMS 0x0000000088f00000, 0x0000000088f00000|
| 124|0x0000000089000000, 0x0000000089100000, 0x0000000089100000|100%| E|CS|TS  0|AC  0|TAMS 0x0000000089000000, 0x0000000089000000|
| 125|0x0000000089100000, 0x0000000089200000, 0x0000000089200000|100%| E|CS|TS  0|AC  0|TAMS 0x0000000089100000, 0x0000000089100000|
| 126|0x0000000089200000, 0x0000000089300000, 0x0000000089300000|100%| E|CS|TS  0|AC  0|TAMS 0x0000000089200000, 0x0000000089200000|
| 127|0x0000000089300000, 0x0000000089400000, 0x0000000089400000|100%| E|CS|TS  0|AC  0|TAMS 0x0000000089300000, 0x0000000089300000|

Card table byte_map: [0x00000275b40e0000,0x00000275b44e0000] byte_map_base: 0x00000275b3cd6000

Marking Bits (Prev, Next): (CMBitMap*) 0x00000275999d9b40, (CMBitMap*) 0x00000275999d9b78
 Prev Bits: [0x00000275b48e0000, 0x00000275b6890000)
 Next Bits: [0x00000275b6890000, 0x00000275b8840000)

Polling page: 0x00000275977c0000

CodeHeap 'non-profiled nmethods': size=120064Kb used=281Kb max_used=281Kb free=119782Kb
 bounds [0x00000275ac7a0000, 0x00000275aca10000, 0x00000275b3ce0000]
CodeHeap 'profiled nmethods': size=120000Kb used=1425Kb max_used=1425Kb free=118574Kb
 bounds [0x00000275a5270000, 0x00000275a54e0000, 0x00000275ac7a0000]
CodeHeap 'non-nmethods': size=5696Kb used=1143Kb max_used=1167Kb free=4552Kb
 bounds [0x00000275a4ce0000, 0x00000275a4f50000, 0x00000275a5270000]
 total_blobs=1328 nmethods=781 adapters=274
 compilation: enabled

Compilation events (10 events):
Event: 0.694 Thread 0x00000275bad52000 nmethod 778 0x00000275a53d1a90 code [0x00000275a53d1c60, 0x00000275a53d1f60]
Event: 0.694 Thread 0x00000275bad52000  776       3       sun.nio.fs.WindowsPath::equals (30 bytes)
Event: 0.694 Thread 0x00000275bad52000 nmethod 776 0x00000275a53d2090 code [0x00000275a53d2260, 0x00000275a53d26f0]
Event: 0.694 Thread 0x00000275bad52000  779       3       java.lang.SecurityManager::checkRead (15 bytes)
Event: 0.695 Thread 0x00000275bad52000 nmethod 779 0x00000275a53d2790 code [0x00000275a53d2980, 0x00000275a53d2df0]
Event: 0.697 Thread 0x00000275bad52000  780       3       java.util.regex.Pattern$Node::<init> (12 bytes)
Event: 0.697 Thread 0x00000275bad52000 nmethod 780 0x00000275a53d2f90 code [0x00000275a53d3140, 0x00000275a53d3358]
Event: 0.697 Thread 0x00000275bad52000  781       3       java.util.ArrayList::<init> (61 bytes)
Event: 0.698 Thread 0x00000275bad52000 nmethod 781 0x00000275a53d3410 code [0x00000275a53d36c0, 0x00000275a53d42c0]
Event: 0.717 Thread 0x00000275bad41000 nmethod 767 0x00000275ac7e3b10 code [0x00000275ac7e3d60, 0x00000275ac7e5a28]

GC Heap History (0 events):
No events

Deoptimization events (6 events):
Event: 0.237 Thread 0x0000027599958000 Uncommon trap: reason=unstable_if action=reinterpret pc=0x00000275ac7a4da8 method=java.lang.String.hashCode()I @ 14 c2
Event: 0.510 Thread 0x0000027599958000 Uncommon trap: reason=unstable_if action=reinterpret pc=0x00000275ac7bf72c method=java.lang.String.startsWith(Ljava/lang/String;I)Z @ 14 c2
Event: 0.519 Thread 0x0000027599958000 Uncommon trap: reason=unstable_if action=reinterpret pc=0x00000275ac7c8c70 method=java.lang.AbstractStringBuilder.putStringAt(ILjava/lang/String;)V @ 8 c2
Event: 0.519 Thread 0x0000027599958000 Uncommon trap: reason=unstable_if action=reinterpret pc=0x00000275ac7c62fc method=java.lang.AbstractStringBuilder.isLatin1()Z @ 10 c2
Event: 0.572 Thread 0x0000027599958000 Uncommon trap: reason=unstable_if action=reinterpret pc=0x00000275ac7bab7c method=java.lang.StringLatin1.indexOf([BI[BII)I @ 80 c2
Event: 0.587 Thread 0x0000027599958000 Uncommon trap: reason=unstable_if action=reinterpret pc=0x00000275ac7d3270 method=java.io.BufferedReader.read()I @ 19 c2

Classes redefined (2 events):
Event: 94.982 Thread 0x00000275bad19000 redefined class name=deque.Lab08DequeTest, count=1
Event: 100.820 Thread 0x00000275bad19000 redefined class name=deque.Lab08DequeTest, count=2

Internal exceptions (10 events):
Event: 0.563 Thread 0x0000027599958000 Exception <a 'java/lang/NoSuchMethodError'{0x0000000088c5c560}: java.lang.invoke.DirectMethodHandle$Holder.invokeStaticInit(Ljava/lang/Object;Ljava/lang/Object;)I> (0x0000000088c5c560) thrown at [t:/workspace/open/src/hotspot/share/interpreter/linkResolve
Event: 0.584 Thread 0x0000027599958000 Exception <a 'java/lang/ClassNotFoundException'{0x0000000088cafb48}: javax/smartcardio/CardPermission> (0x0000000088cafb48) thrown at [t:/workspace/open/src/hotspot/share/classfile/systemDictionary.cpp, line 233]
Event: 0.589 Thread 0x0000027599958000 Exception <a 'java/io/FileNotFoundException'{0x0000000088cbfb58}> (0x0000000088cbfb58) thrown at [t:/workspace/open/src/hotspot/share/prims/jni.cpp, line 611]
Event: 0.626 Thread 0x0000027599958000 Exception <a 'java/lang/NoSuchMethodError'{0x0000000088b59568}: java.lang.Object.lambda$identity$2(Ljava/lang/Object;)Ljava/lang/Object;> (0x0000000088b59568) thrown at [t:/workspace/open/src/hotspot/share/interpreter/linkResolver.cpp, line 741]
Event: 0.627 Thread 0x0000027599958000 Exception <a 'java/lang/NoSuchMethodError'{0x0000000088b5bce0}: java.lang.invoke.DirectMethodHandle$Holder.invokeStaticInit(Ljava/lang/Object;Ljava/lang/Object;Ljava/lang/Object;)Ljava/lang/Object;> (0x0000000088b5bce0) thrown at [t:/workspace/open/src/ho
Event: 0.628 Thread 0x0000027599958000 Exception <a 'java/lang/NoSuchMethodError'{0x0000000088b65080}: method resolution failed> (0x0000000088b65080) thrown at [t:/workspace/open/src/hotspot/share/prims/methodHandles.cpp, line 1226]
Event: 0.630 Thread 0x0000027599958000 Exception <a 'java/lang/InternalError'{0x0000000088b70330}: JVMCI is not enabled> (0x0000000088b70330) thrown at [t:/workspace/open/src/hotspot/share/jvmci/jvmciRuntime.cpp, line 635]
Event: 0.632 Thread 0x0000027599958000 Exception <a 'java/lang/InternalError'{0x0000000088b70330}> (0x0000000088b70330) thrown at [t:/workspace/open/src/hotspot/share/oops/instanceKlass.cpp, line 840]
Event: 0.634 Thread 0x0000027599958000 Exception <a 'java/lang/NoSuchMethodError'{0x0000000088b77e50}: java.lang.invoke.DirectMethodHandle$Holder.invokeStatic(Ljava/lang/Object;Ljava/lang/Object;Ljava/lang/Object;)I> (0x0000000088b77e50) thrown at [t:/workspace/open/src/hotspot/share/interpret
Event: 0.636 Thread 0x0000027599958000 Exception <a 'java/lang/NoSuchMethodError'{0x0000000088b82e10}: java.lang.invoke.DirectMethodHandle$Holder.invokeSpecial(Ljava/lang/Object;Ljava/lang/Object;Ljava/lang/Object;)I> (0x0000000088b82e10) thrown at [t:/workspace/open/src/hotspot/share/interpre

Events (10 events):
Event: 100.831 Executing VM operation: GetFrameLocation
Event: 100.831 Executing VM operation: GetFrameLocation done
Event: 100.844 Executing VM operation: GetFrameCount
Event: 100.844 Executing VM operation: GetFrameCount done
Event: 100.845 Executing VM operation: GetOwnedMonitorInfo
Event: 100.845 Executing VM operation: GetOwnedMonitorInfo done
Event: 100.845 Executing VM operation: GetCurrentContendedMonitor
Event: 100.845 Executing VM operation: GetCurrentContendedMonitor done
Event: 100.848 Executing VM operation: GetFrameLocation
Event: 100.848 Executing VM operation: GetFrameLocation done


Dynamic libraries:
0x00007ff7b1d10000 - 0x00007ff7b1d4e000 	C:\Program Files\Java\jdk-10.0.1\bin\javaw.exe
0x00007ffa19dd0000 - 0x00007ffa19fb1000 	C:\WINDOWS\SYSTEM32\ntdll.dll
0x00007ffa17f70000 - 0x00007ffa18022000 	C:\WINDOWS\System32\KERNEL32.DLL
0x00007ffa161a0000 - 0x00007ffa16413000 	C:\WINDOWS\System32\KERNELBASE.dll
0x00007ffa17860000 - 0x00007ffa17901000 	C:\WINDOWS\System32\ADVAPI32.dll
0x00007ffa180c0000 - 0x00007ffa1815e000 	C:\WINDOWS\System32\msvcrt.dll
0x00007ffa17270000 - 0x00007ffa172cb000 	C:\WINDOWS\System32\sechost.dll
0x00007ffa175a0000 - 0x00007ffa176c4000 	C:\WINDOWS\System32\RPCRT4.dll
0x00007ffa176d0000 - 0x00007ffa17860000 	C:\WINDOWS\System32\USER32.dll
0x00007ffa16710000 - 0x00007ffa16730000 	C:\WINDOWS\System32\win32u.dll
0x00007ffa18090000 - 0x00007ffa180b8000 	C:\WINDOWS\System32\GDI32.dll
0x00007ffa164d0000 - 0x00007ffa16662000 	C:\WINDOWS\System32\gdi32full.dll
0x00007ffa16670000 - 0x00007ffa1670f000 	C:\WINDOWS\System32\msvcp_win.dll
0x00007ffa17160000 - 0x00007ffa1725a000 	C:\WINDOWS\System32\ucrtbase.dll
0x00007ffa04080000 - 0x00007ffa042e9000 	C:\WINDOWS\WinSxS\amd64_microsoft.windows.common-controls_6595b64144ccf1df_6.0.17134.48_none_b4b2216a3cb4dd3e\COMCTL32.dll
0x00007ffa07bf0000 - 0x00007ffa07bfa000 	C:\WINDOWS\SYSTEM32\VERSION.dll
0x00007ffa184c0000 - 0x00007ffa187e3000 	C:\WINDOWS\System32\combase.dll
0x00007ffa16730000 - 0x00007ffa167aa000 	C:\WINDOWS\System32\bcryptPrimitives.dll
0x00007ffa18810000 - 0x00007ffa1883d000 	C:\WINDOWS\System32\IMM32.DLL
0x00007ffa03240000 - 0x00007ffa0332f000 	C:\Program Files\Java\jdk-10.0.1\bin\msvcr120.dll
0x00007ff9fa620000 - 0x00007ff9fa6c6000 	C:\Program Files\Java\jdk-10.0.1\bin\msvcp120.dll
0x0000000077590000 - 0x0000000078000000 	C:\Program Files\Java\jdk-10.0.1\bin\server\jvm.dll
0x00007ffa188a0000 - 0x00007ffa188a8000 	C:\WINDOWS\System32\PSAPI.DLL
0x00007ffa14100000 - 0x00007ffa14109000 	C:\WINDOWS\SYSTEM32\WSOCK32.dll
0x00007ffa17a00000 - 0x00007ffa17a6c000 	C:\WINDOWS\System32\WS2_32.dll
0x00007ffa122c0000 - 0x00007ffa122e3000 	C:\WINDOWS\SYSTEM32\WINMM.dll
0x00007ffa12290000 - 0x00007ffa122ba000 	C:\WINDOWS\SYSTEM32\winmmbase.dll
0x00007ffa16480000 - 0x00007ffa164c9000 	C:\WINDOWS\System32\cfgmgr32.dll
0x00007ffa106d0000 - 0x00007ffa106df000 	C:\Program Files\Java\jdk-10.0.1\bin\verify.dll
0x00007ffa14a20000 - 0x00007ffa14be9000 	C:\WINDOWS\SYSTEM32\DBGHELP.DLL
0x00007ffa04050000 - 0x00007ffa04079000 	C:\WINDOWS\SYSTEM32\dbgcore.DLL
0x00007ffa0dc80000 - 0x00007ffa0dca7000 	C:\Program Files\Java\jdk-10.0.1\bin\java.dll
0x00007ff9fbca0000 - 0x00007ff9fbcd6000 	C:\Program Files\Java\jdk-10.0.1\bin\jdwp.dll
0x00007ffa0ff70000 - 0x00007ffa0ff86000 	C:\Program Files\Java\jdk-10.0.1\bin\zip.dll
0x00007ffa10660000 - 0x00007ffa1066a000 	C:\Program Files\Java\jdk-10.0.1\bin\jimage.dll
0x00007ffa188c0000 - 0x00007ffa19d00000 	C:\WINDOWS\System32\SHELL32.dll
0x00007ffa17ec0000 - 0x00007ffa17f69000 	C:\WINDOWS\System32\shcore.dll
0x00007ffa16860000 - 0x00007ffa16f6d000 	C:\WINDOWS\System32\windows.storage.dll
0x00007ffa18030000 - 0x00007ffa18081000 	C:\WINDOWS\System32\shlwapi.dll
0x00007ffa16180000 - 0x00007ffa16191000 	C:\WINDOWS\System32\kernel.appcore.dll
0x00007ffa16160000 - 0x00007ffa1617f000 	C:\WINDOWS\System32\profapi.dll
0x00007ffa160e0000 - 0x00007ffa1612c000 	C:\WINDOWS\System32\powrprof.dll
0x00007ffa16130000 - 0x00007ffa1613a000 	C:\WINDOWS\System32\FLTLIB.DLL
0x00007ffa12370000 - 0x00007ffa1237a000 	C:\Program Files\Java\jdk-10.0.1\bin\dt_socket.dll
0x00007ffa15960000 - 0x00007ffa159c6000 	C:\WINDOWS\System32\mswsock.dll
0x00007ffa15720000 - 0x00007ffa157de000 	C:\WINDOWS\SYSTEM32\DNSAPI.dll
0x00007ffa188b0000 - 0x00007ffa188b8000 	C:\WINDOWS\System32\NSI.dll
0x00007ffa156e0000 - 0x00007ffa15718000 	C:\WINDOWS\SYSTEM32\IPHLPAPI.DLL
0x00007ffa08900000 - 0x00007ffa08972000 	C:\WINDOWS\System32\fwpuclnt.dll
0x00007ffa15c40000 - 0x00007ffa15c65000 	C:\WINDOWS\SYSTEM32\bcrypt.dll
0x00007ffa08cc0000 - 0x00007ffa08cca000 	C:\Windows\System32\rasadhlp.dll
0x00007ffa0fe50000 - 0x00007ffa0fe6a000 	C:\Program Files\Java\jdk-10.0.1\bin\net.dll
0x00007ffa10160000 - 0x00007ffa1023d000 	C:\WINDOWS\SYSTEM32\WINHTTP.dll
0x00007ffa0dc60000 - 0x00007ffa0dc71000 	C:\Program Files\Java\jdk-10.0.1\bin\nio.dll
0x00007ffa12010000 - 0x00007ffa12019000 	C:\Program Files\Java\jdk-10.0.1\bin\management.dll
0x00007ffa12000000 - 0x00007ffa1200a000 	C:\Program Files\Java\jdk-10.0.1\bin\management_ext.dll

dbghelp: loaded successfully - version: 4.0.5 - missing functions: none
symbol engine: initialized successfully - sym options: 0x614 - pdb path: .;C:\Program Files\Java\jdk-10.0.1\bin;C:\WINDOWS\SYSTEM32;C:\WINDOWS\WinSxS\amd64_microsoft.windows.common-controls_6595b64144ccf1df_6.0.17134.48_none_b4b2216a3cb4dd3e;C:\Program Files\Java\jdk-10.0.1\bin\server

VM Arguments:
jvm_args: -agentlib:jdwp=transport=dt_socket,suspend=y,address=localhost:55144 -ea -Dfile.encoding=Cp1252 
java_command: org.eclipse.jdt.internal.junit.runner.RemoteTestRunner -version 3 -port 55143 -testLoaderClass org.eclipse.jdt.internal.junit4.runner.JUnit4TestLoader -loaderpluginname org.eclipse.jdt.junit4.runtime -classNames deque.Lab08DequeTest
java_class_path (initial): C:\Users\Bengi Sevil\CS_VT\CS2114\Lab 08 Carrano Deque\bin;C:\Users\Bengi Sevil\CS_VT\CS2114\CS2114-Support;C:\Users\Bengi Sevil\CS_VT\CS2114\CS2114-Support\student.jar;C:\Users\Bengi Sevil\CS_VT\CS2114\CS2114-Support\exception-doctor_1.0.6.jar;C:\Users\Bengi Sevil\CS_VT\CS2114\CS2114-Support\BTtracker.jar;C:\Users\Bengi Sevil\CS_VT\CS2114\CS2114-Support\gnu-regexp-1.1.0.jar;C:\Users\Bengi Sevil\CS_VT\CS2114\CS2114-Support\jdom.jar;C:\Users\Bengi Sevil\CS_VT\CS2114\CS2114-Support\acm.jar;C:\Users\Bengi Sevil\CS_VT\CS2114\CS2114-Support\bsh.jar;C:\Users\Bengi Sevil\CS_VT\CS2114\CS2114-Support\commons-codec-1.3.jar;C:\Users\Bengi Sevil\CS_VT\CS2114\CS2114-Support\javazoom.jar;C:\Users\Bengi Sevil\CS_VT\CS2114\CS2114-Support\jgraph.jar;C:\Users\Bengi Sevil\CS_VT\CS2114\CS2114-Support\jmf.jar;C:\Users\Bengi Sevil\CS_VT\CS2114\CS2114-Support\mediacomp.jar;C:\Users\Bengi Sevil\CS_VT\CS2114\CS2114-Support\rome-0.9.jar;C:\Users\Bengi Sevil\CS_VT\CS2114\CS2114-Support\serializer.jar;C:\Users\Bengi Sevil\CS_VT\CS2114\CS2114-Support\sound.jar;C:\Users\Bengi Sevil\CS_VT\CS2114\CS2114-Support\tagsoup-1.2.jar;C:\Users\Bengi Sevil\CS_VT\CS2114\CS2114-Support\utils.jar;C:\Users\Bengi Sevil\CS_VT\CS2114\CS2114-Support\xalan.jar;C:\Users\Bengi Sevil\CS_VT\CS2114\CS2114-Support\xercesImpl.jar;C:\Users\Bengi Sevil\CS_VT\CS2114\CS2114-Support\xml-apis.jar;C:\Users\Bengi Sevil\CS_VT\CS2114\CS2114-Support\xpp3_min-1.1.4c.jar;C:\Users\Bengi Sevil\CS_VT\CS2114\CS2114-Support\xstream-1.3.1.jar;C:\Users\Bengi Sevil\CS_VT\CS2114\CarranoDataStructuresLib\bin;C:\Users\Bengi Sevil\CS_VT\CS2114\CarranoDataStructuresLib\lib\CarranoDataStructures.jar;C:\Users\Bengi Sevil\eclipse\java-oxygen\eclipse\configuration\org.eclipse.osgi\230\0\.cp;C:\Users\Bengi Sevil\eclipse\java-oxygen\eclipse\configuration\org.eclipse.osgi\229\0\.cp
Launcher Type: SUN_STANDARD

Logging:
Log output configuration:
#0: stdout all=warning uptime,level,tags
#1: stderr all=off uptime,level,tags

Environment Variables:
PATH=C:/Program Files/Java/jdk-10.0.1/bin/server;C:/Program Files/Java/jdk-10.0.1/bin;C:\Program Files (x86)\Common Files\Oracle\Java\javapath;C:\WINDOWS\system32;C:\WINDOWS;C:\WINDOWS\System32\Wbem;C:\WINDOWS\System32\WindowsPowerShell\v1.0\;C:\Program Files (x86)\Git\cmd;C:\HashiCorp\Vagrant\bin;C:\Program Files\MATLAB\R2017b\bin;C:\Program Files\Microsoft SQL Server\130\Tools\Binn\;C:\Program Files\PuTTY\;C:\WINDOWS\System32\OpenSSH\;C:\Users\Bengi Sevil\AppData\Local\Microsoft\WindowsApps;C:\intelFPGA_lite\16.1\modelsim_ase\win32aloem;C:\Program Files\CMake\bin;C:\Users\Bengi Sevil\AppData\Local\GitHubDesktop\bin;C:\Qt\Qt5.10.1\5.10.1\msvc2015\bin;;%USERPROFILE%\AppData\Local\Microsoft\WindowsApps;C:\WINDOWS\system32;
USERNAME=Bengi Sevil
OS=Windows_NT
PROCESSOR_IDENTIFIER=Intel64 Family 6 Model 69 Stepping 1, GenuineIntel



---------------  S Y S T E M  ---------------

OS: Windows 10 , 64 bit Build 17134 (10.0.17134.1)

CPU:total 4 (initial active 4) (2 cores per cpu, 2 threads per core) family 6 model 69 stepping 1, cmov, cx8, fxsr, mmx, sse, sse2, sse3, ssse3, sse4.1, sse4.2, popcnt, avx, avx2, aes, clmul, erms, lzcnt, ht, tsc, tscinvbit, bmi1, bmi2, fma

Memory: 4k page, physical 8298776k(2844496k free), swap 11706648k(3362760k free)

vm_info: Java HotSpot(TM) 64-Bit Server VM (10.0.1+10) for windows-amd64 JRE (10.0.1+10), built on Mar 27 2018 02:27:48 by "mach5one" with MS VC++ 12.0 (VS2013)

END.
